Using pre-set license
Built from '2020.3/staging' branch; Version is '2020.3.5f1 (8095aa901b9b) revision 8426922'; Using compiler version '192528614'; Build Type 'Release'
OS: 'Windows 10 Pro; OS build 22000.675; Version 2009; 64bit' Language: 'en' Physical Memory: 8110 MB
BatchMode: 1, IsHumanControllingUs: 0, StartBugReporterOnCrash: 0, Is64bit: 1, IsPro: 0

 COMMAND LINE ARGUMENTS:
C:\Users\bridg\Desktop\Unity Versions\Unity\2020.3.5f1\Editor\Unity.exe
-adb2
-batchMode
-noUpm
-name
AssetImportWorker0
-projectPath
C:/Users/bridg/Desktop/Git Uploads/Portfolio/projectWalter
-logFile
Logs/AssetImportWorker0.log
-srvPort
57160
Successfully changed project path to: C:/Users/bridg/Desktop/Git Uploads/Portfolio/projectWalter
C:/Users/bridg/Desktop/Git Uploads/Portfolio/projectWalter
Using Asset Import Pipeline V2.
Refreshing native plugins compatible for Editor in 64.00 ms, found 1 plugins.
Preloading 0 native plugins for Editor in 0.00 ms.
Initialize engine version: 2020.3.5f1 (8095aa901b9b)
[Subsystems] Discovering subsystems at path C:/Users/bridg/Desktop/Unity Versions/Unity/2020.3.5f1/Editor/Data/Resources/UnitySubsystems
[Subsystems] Discovering subsystems at path C:/Users/bridg/Desktop/Git Uploads/Portfolio/projectWalter/Assets
GfxDevice: creating device client; threaded=0
Direct3D:
    Version:  Direct3D 11.0 [level 11.1]
    Renderer: NVIDIA GeForce GTX 1050 (ID=0x1c8d)
    Vendor:   
    VRAM:     4021 MB
    Driver:   30.0.15.1165
Initialize mono
Mono path[0] = 'C:/Users/bridg/Desktop/Unity Versions/Unity/2020.3.5f1/Editor/Data/Managed'
Mono path[1] = 'C:/Users/bridg/Desktop/Unity Versions/Unity/2020.3.5f1/Editor/Data/MonoBleedingEdge/lib/mono/unityjit'
Mono config path = 'C:/Users/bridg/Desktop/Unity Versions/Unity/2020.3.5f1/Editor/Data/MonoBleedingEdge/etc'
Using monoOptions --debugger-agent=transport=dt_socket,embedding=1,server=y,suspend=n,address=127.0.0.1:56584
Begin MonoManager ReloadAssembly
Registering precompiled unity dll's ...
Register platform support module: C:/Users/bridg/Desktop/Unity Versions/Unity/2020.3.5f1/Editor/Data/PlaybackEngines/WebGLSupport/UnityEditor.WebGL.Extensions.dll
Register platform support module: C:/Users/bridg/Desktop/Unity Versions/Unity/2020.3.5f1/Editor/Data/PlaybackEngines/MacStandaloneSupport/UnityEditor.OSXStandalone.Extensions.dll
Register platform support module: C:/Users/bridg/Desktop/Unity Versions/Unity/2020.3.5f1/Editor/Data/PlaybackEngines/WindowsStandaloneSupport/UnityEditor.WindowsStandalone.Extensions.dll
Register platform support module: C:/Users/bridg/Desktop/Unity Versions/Unity/2020.3.5f1/Editor/Data/PlaybackEngines/LinuxStandaloneSupport/UnityEditor.LinuxStandalone.Extensions.dll
Register platform support module: C:/Users/bridg/Desktop/Unity Versions/Unity/2020.3.5f1/Editor/Data/PlaybackEngines/LuminSupport/UnityEditor.Lumin.Extensions.dll
Registered in 0.008970 seconds.
Native extension for Lumin target not found
Native extension for LinuxStandalone target not found
Native extension for WindowsStandalone target not found
Native extension for OSXStandalone target not found
Native extension for WebGL target not found
Refreshing native plugins compatible for Editor in 56.09 ms, found 1 plugins.
Preloading 0 native plugins for Editor in 0.00 ms.
Mono: successfully reloaded assembly
- Completed reload, in  6.999 seconds
Platform modules already initialized, skipping
Registering precompiled user dll's ...
Registered in 0.003473 seconds.
Begin MonoManager ReloadAssembly
Native extension for Lumin target not found
Native extension for LinuxStandalone target not found
Native extension for WindowsStandalone target not found
Native extension for OSXStandalone target not found
Native extension for WebGL target not found
Refreshing native plugins compatible for Editor in 57.44 ms, found 1 plugins.
Preloading 0 native plugins for Editor in 0.00 ms.
Mono: successfully reloaded assembly
- Completed reload, in  1.420 seconds
Platform modules already initialized, skipping
========================================================================
Worker process is ready to serve import requests
Launched and connected shader compiler UnityShaderCompiler.exe after 0.09 seconds
Refreshing native plugins compatible for Editor in 0.55 ms, found 1 plugins.
Preloading 0 native plugins for Editor in 0.00 ms.
Unloading 1971 Unused Serialized files (Serialized files now loaded: 0)
System memory in use before: 90.9 MB.
System memory in use after: 90.8 MB.

Unloading 25 unused Assets to reduce memory usage. Loaded Objects now: 2416.
Total: 4.847100 ms (FindLiveObjects: 0.464800 ms CreateObjectMapping: 0.259500 ms MarkObjects: 3.893200 ms  DeleteObjects: 0.225700 ms)

========================================================================
Received Import Request.
  path: Assets/2D assets/smokeparticleassets/PNG/Fart/fart04.png
  artifactKey: Guid(33361f7766ef7b74e93a7fc6b42c8a49) Importer(815301076,1909f56bfc062723c751e8b465ee728b)
Start importing Assets/2D assets/smokeparticleassets/PNG/Fart/fart04.png using Guid(33361f7766ef7b74e93a7fc6b42c8a49) Importer(815301076,1909f56bfc062723c751e8b465ee728b)  -> (artifact id: '71a31ac2abade9cb43b1b9ef78421a0b') in 0.251230 seconds
  Import took 0.256258 seconds .

========================================================================
Received Import Request.
  Time since last request: 0.000472 seconds.
  path: Assets/2D assets/smokeparticleassets/PNG
  artifactKey: Guid(c78186f46245c7549a3baec2816e7f26) Importer(815301076,1909f56bfc062723c751e8b465ee728b)
Start importing Assets/2D assets/smokeparticleassets/PNG using Guid(c78186f46245c7549a3baec2816e7f26) Importer(815301076,1909f56bfc062723c751e8b465ee728b)  -> (artifact id: '9beaaa2e8470df53f782960184bae34e') in 0.002885 seconds
  Import took 0.007505 seconds .

========================================================================
Received Import Request.
  Time since last request: 0.000292 seconds.
  path: Assets/2D assets/smokeparticleassets/sample.png
  artifactKey: Guid(688b07f2611756044a7395cbf08dcca8) Importer(815301076,1909f56bfc062723c751e8b465ee728b)
Start importing Assets/2D assets/smokeparticleassets/sample.png using Guid(688b07f2611756044a7395cbf08dcca8) Importer(815301076,1909f56bfc062723c751e8b465ee728b)  -> (artifact id: 'b22cc724dfc49f2f483bb2574e148263') in 0.040038 seconds
  Import took 0.045293 seconds .

========================================================================
Received Import Request.
  Time since last request: 0.000283 seconds.
  path: Assets/2D assets/smokeparticleassets/preview.png
  artifactKey: Guid(7c202f14c5fcf804f9d16db81d81d76a) Importer(815301076,1909f56bfc062723c751e8b465ee728b)
Start importing Assets/2D assets/smokeparticleassets/preview.png using Guid(7c202f14c5fcf804f9d16db81d81d76a) Importer(815301076,1909f56bfc062723c751e8b465ee728b)  -> (artifact id: '76a859a5cce02cd597d442ac5bfe3472') in 0.029988 seconds
  Import took 0.034756 seconds .

========================================================================
Received Import Request.
  Time since last request: 0.000278 seconds.
  path: Assets/2D assets/smokeparticleassets/PNG/Fart/fart05.png
  artifactKey: Guid(fe6a7222b6491d348b356dfc8f8140a0) Importer(815301076,1909f56bfc062723c751e8b465ee728b)
Start importing Assets/2D assets/smokeparticleassets/PNG/Fart/fart05.png using Guid(fe6a7222b6491d348b356dfc8f8140a0) Importer(815301076,1909f56bfc062723c751e8b465ee728b)  -> (artifact id: 'a97f81167e1f98e5fadbcd081532fa52') in 0.030126 seconds
  Import took 0.034692 seconds .

========================================================================
Received Import Request.
  Time since last request: 0.000346 seconds.
  path: Assets/2D assets/smokeparticleassets/PNG/Fart/fart01.png
  artifactKey: Guid(299c8dfffb443274fb9a55ce8e43a98a) Importer(815301076,1909f56bfc062723c751e8b465ee728b)
Start importing Assets/2D assets/smokeparticleassets/PNG/Fart/fart01.png using Guid(299c8dfffb443274fb9a55ce8e43a98a) Importer(815301076,1909f56bfc062723c751e8b465ee728b)  -> (artifact id: '0398bb3e409847f05b338e75dfc0dcdd') in 0.035105 seconds
  Import took 0.043723 seconds .

========================================================================
Received Import Request.
  Time since last request: 0.000311 seconds.
  path: Assets/2D assets/smokeparticleassets/PNG/Fart/fart02.png
  artifactKey: Guid(03a023e90061e6d4488afdc5a53c5624) Importer(815301076,1909f56bfc062723c751e8b465ee728b)
Start importing Assets/2D assets/smokeparticleassets/PNG/Fart/fart02.png using Guid(03a023e90061e6d4488afdc5a53c5624) Importer(815301076,1909f56bfc062723c751e8b465ee728b)  -> (artifact id: '68875195206c40eb010fd6d1cfecf4c8') in 0.038834 seconds
  Import took 0.046740 seconds .

========================================================================
Received Import Request.
  Time since last request: 0.000359 seconds.
  path: Assets/2D assets/smokeparticleassets/PNG/Fart
  artifactKey: Guid(b148befe3ec62ea42976214a7ea8ecf4) Importer(815301076,1909f56bfc062723c751e8b465ee728b)
Start importing Assets/2D assets/smokeparticleassets/PNG/Fart using Guid(b148befe3ec62ea42976214a7ea8ecf4) Importer(815301076,1909f56bfc062723c751e8b465ee728b)  -> (artifact id: '0572d8f07ba70baa6defb11518329802') in 0.003650 seconds
  Import took 0.010009 seconds .

========================================================================
Received Import Request.
  Time since last request: 0.000297 seconds.
  path: Assets/2D assets/smokeparticleassets/PNG/Fart/fart03.png
  artifactKey: Guid(de0b3af3f7b3ec442b99a9e311ffa6f3) Importer(815301076,1909f56bfc062723c751e8b465ee728b)
Start importing Assets/2D assets/smokeparticleassets/PNG/Fart/fart03.png using Guid(de0b3af3f7b3ec442b99a9e311ffa6f3) Importer(815301076,1909f56bfc062723c751e8b465ee728b)  -> (artifact id: '7ad84c52b8f3c3e1f1bf40f473af764b') in 0.030717 seconds
  Import took 0.039513 seconds .

========================================================================
Received Import Request.
  Time since last request: 0.000302 seconds.
  path: Assets/2D assets/smokeparticleassets/PNG/Fart/fart00.png
  artifactKey: Guid(5ef7b324d6129ca44b00e73e09132aa4) Importer(815301076,1909f56bfc062723c751e8b465ee728b)
Start importing Assets/2D assets/smokeparticleassets/PNG/Fart/fart00.png using Guid(5ef7b324d6129ca44b00e73e09132aa4) Importer(815301076,1909f56bfc062723c751e8b465ee728b)  -> (artifact id: '5d445d64ca65df411779ba283cf09b4a') in 0.033454 seconds
  Import took 0.040137 seconds .

========================================================================
Received Import Request.
  Time since last request: 0.000373 seconds.
  path: Assets/2D assets/smokeparticleassets/PNG/Fart/fart07.png
  artifactKey: Guid(27ba714ca73b1174a92cb69cb6bffd4e) Importer(815301076,1909f56bfc062723c751e8b465ee728b)
Start importing Assets/2D assets/smokeparticleassets/PNG/Fart/fart07.png using Guid(27ba714ca73b1174a92cb69cb6bffd4e) Importer(815301076,1909f56bfc062723c751e8b465ee728b)  -> (artifact id: 'a4c3abc885f8bce31945d711dee1c12c') in 0.044123 seconds
  Import took 0.051603 seconds .

========================================================================
Received Import Request.
  Time since last request: 0.000344 seconds.
  path: Assets/2D assets/smokeparticleassets/PNG/Fart/fart06.png
  artifactKey: Guid(e5d23cef5c26d58459731369171edb8c) Importer(815301076,1909f56bfc062723c751e8b465ee728b)
Start importing Assets/2D assets/smokeparticleassets/PNG/Fart/fart06.png using Guid(e5d23cef5c26d58459731369171edb8c) Importer(815301076,1909f56bfc062723c751e8b465ee728b)  -> (artifact id: '684797fbcc9807fb56b315a415dbed5d') in 0.041536 seconds
  Import took 0.048139 seconds .

========================================================================
Received Import Request.
  Time since last request: 0.000323 seconds.
  path: Assets/2D assets/smokeparticleassets/PNG/Fart/fart08.png
  artifactKey: Guid(9b54be73810c13b46b9558810a0034d3) Importer(815301076,1909f56bfc062723c751e8b465ee728b)
Start importing Assets/2D assets/smokeparticleassets/PNG/Fart/fart08.png using Guid(9b54be73810c13b46b9558810a0034d3) Importer(815301076,1909f56bfc062723c751e8b465ee728b)  -> (artifact id: '53597b665601204334863f3e3b9e9ad9') in 0.042210 seconds
  Import took 0.048737 seconds .

========================================================================
Received Import Request.
  Time since last request: 0.000465 seconds.
  path: Assets/2D assets/smokeparticleassets/PNG/Fart/fart06.png
  artifactKey: Guid(e5d23cef5c26d58459731369171edb8c) Importer(815301076,1909f56bfc062723c751e8b465ee728b)
Start importing Assets/2D assets/smokeparticleassets/PNG/Fart/fart06.png using Guid(e5d23cef5c26d58459731369171edb8c) Importer(815301076,1909f56bfc062723c751e8b465ee728b)  -> (artifact id: '684797fbcc9807fb56b315a415dbed5d') in 0.020811 seconds
  Import took 0.027666 seconds .

========================================================================
Received Import Request.
  Time since last request: 11.048268 seconds.
  path: Assets/2D assets/smokeparticleassets/PNG/Flash/flash00.png
  artifactKey: Guid(4a4a6917797c30443b939debbf2a4f47) Importer(815301076,1909f56bfc062723c751e8b465ee728b)
Start importing Assets/2D assets/smokeparticleassets/PNG/Flash/flash00.png using Guid(4a4a6917797c30443b939debbf2a4f47) Importer(815301076,1909f56bfc062723c751e8b465ee728b)  -> (artifact id: 'ad1253fc2b6d009bc3b79a451bf72a38') in 0.025073 seconds
  Import took 0.028612 seconds .

========================================================================
Received Import Request.
  Time since last request: 0.000289 seconds.
  path: Assets/2D assets/smokeparticleassets/PNG/Flash/flash02.png
  artifactKey: Guid(c97db6c2345f17343a91028191173a8c) Importer(815301076,1909f56bfc062723c751e8b465ee728b)
Start importing Assets/2D assets/smokeparticleassets/PNG/Flash/flash02.png using Guid(c97db6c2345f17343a91028191173a8c) Importer(815301076,1909f56bfc062723c751e8b465ee728b)  -> (artifact id: 'df4bf389c8e463b77d3e3b1ab75e0e32') in 0.027179 seconds
  Import took 0.031296 seconds .

========================================================================
Received Import Request.
  Time since last request: 0.000237 seconds.
  path: Assets/2D assets/smokeparticleassets/PNG/Flash/flash03.png
  artifactKey: Guid(c3ca4e87e247b9e41b60e3f8e7e622e2) Importer(815301076,1909f56bfc062723c751e8b465ee728b)
Start importing Assets/2D assets/smokeparticleassets/PNG/Flash/flash03.png using Guid(c3ca4e87e247b9e41b60e3f8e7e622e2) Importer(815301076,1909f56bfc062723c751e8b465ee728b)  -> (artifact id: 'a608e8f776bc6569dc19a795680d80c8') in 0.029099 seconds
  Import took 0.034515 seconds .

========================================================================
Received Import Request.
  Time since last request: 0.000270 seconds.
  path: Assets/2D assets/smokeparticleassets/PNG/Flash/flash05.png
  artifactKey: Guid(5504adb4d621acd4992628d9f0954507) Importer(815301076,1909f56bfc062723c751e8b465ee728b)
Start importing Assets/2D assets/smokeparticleassets/PNG/Flash/flash05.png using Guid(5504adb4d621acd4992628d9f0954507) Importer(815301076,1909f56bfc062723c751e8b465ee728b)  -> (artifact id: '954c3ba50fcce369e96a1a4d25a636a4') in 0.024310 seconds
  Import took 0.029532 seconds .

========================================================================
Received Import Request.
  Time since last request: 0.000268 seconds.
  path: Assets/2D assets/smokeparticleassets/PNG/Flash/flash01.png
  artifactKey: Guid(372f5e313559c8a4980c0995f3042008) Importer(815301076,1909f56bfc062723c751e8b465ee728b)
Start importing Assets/2D assets/smokeparticleassets/PNG/Flash/flash01.png using Guid(372f5e313559c8a4980c0995f3042008) Importer(815301076,1909f56bfc062723c751e8b465ee728b)  -> (artifact id: '617315ddfa7a9d7b5cb3c239342313dc') in 0.029990 seconds
  Import took 0.034588 seconds .

========================================================================
Received Import Request.
  Time since last request: 0.000221 seconds.
  path: Assets/2D assets/smokeparticleassets/PNG/Flash/flash06.png
  artifactKey: Guid(7e350a1ece9f2614190826340734bdff) Importer(815301076,1909f56bfc062723c751e8b465ee728b)
Start importing Assets/2D assets/smokeparticleassets/PNG/Flash/flash06.png using Guid(7e350a1ece9f2614190826340734bdff) Importer(815301076,1909f56bfc062723c751e8b465ee728b)  -> (artifact id: 'e63c590633b16acda914a6572747c55b') in 0.029514 seconds
  Import took 0.034862 seconds .

========================================================================
Received Import Request.
  Time since last request: 0.000268 seconds.
  path: Assets/2D assets/smokeparticleassets/PNG/Flash/flash08.png
  artifactKey: Guid(6db7f277e72f07542ae70f7aa7f06ccb) Importer(815301076,1909f56bfc062723c751e8b465ee728b)
Start importing Assets/2D assets/smokeparticleassets/PNG/Flash/flash08.png using Guid(6db7f277e72f07542ae70f7aa7f06ccb) Importer(815301076,1909f56bfc062723c751e8b465ee728b)  -> (artifact id: 'c2b2ea25b8702bc566da5dd2c9ca5bc1') in 0.031308 seconds
  Import took 0.039332 seconds .

========================================================================
Received Import Request.
  Time since last request: 0.000526 seconds.
  path: Assets/2D assets/smokeparticleassets/PNG/Flash/flash04.png
  artifactKey: Guid(7925e0492d7687341ad325481c704068) Importer(815301076,1909f56bfc062723c751e8b465ee728b)
Start importing Assets/2D assets/smokeparticleassets/PNG/Flash/flash04.png using Guid(7925e0492d7687341ad325481c704068) Importer(815301076,1909f56bfc062723c751e8b465ee728b)  -> (artifact id: '65a16046b9b6e265eb2a3dd0d0e96e79') in 0.026679 seconds
  Import took 0.032034 seconds .

========================================================================
Received Import Request.
  Time since last request: 0.000617 seconds.
  path: Assets/2D assets/smokeparticleassets/PNG/Flash/flash07.png
  artifactKey: Guid(cb92ed055641a4643b262d7695d04b89) Importer(815301076,1909f56bfc062723c751e8b465ee728b)
Start importing Assets/2D assets/smokeparticleassets/PNG/Flash/flash07.png using Guid(cb92ed055641a4643b262d7695d04b89) Importer(815301076,1909f56bfc062723c751e8b465ee728b)  -> (artifact id: '84d41588d1b068e67e62ad5512e9452c') in 0.029460 seconds
  Import took 0.037119 seconds .

========================================================================
Received Import Request.
  Time since last request: 0.461350 seconds.
  path: Assets/2D assets/smokeparticleassets/PNG/White puff/whitePuff00.png
  artifactKey: Guid(ed3a4fd4790a9b84cbf796abaec69415) Importer(815301076,1909f56bfc062723c751e8b465ee728b)
Start importing Assets/2D assets/smokeparticleassets/PNG/White puff/whitePuff00.png using Guid(ed3a4fd4790a9b84cbf796abaec69415) Importer(815301076,1909f56bfc062723c751e8b465ee728b)  -> (artifact id: '0960ef84ada652c77bcf92329356a700') in 0.026262 seconds
  Import took 0.030579 seconds .

========================================================================
Received Import Request.
  Time since last request: 0.000264 seconds.
  path: Assets/2D assets/smokeparticleassets/PNG/White puff/whitePuff20.png
  artifactKey: Guid(793b1ab79fb5a6e4bb2ebca18b07c763) Importer(815301076,1909f56bfc062723c751e8b465ee728b)
Start importing Assets/2D assets/smokeparticleassets/PNG/White puff/whitePuff20.png using Guid(793b1ab79fb5a6e4bb2ebca18b07c763) Importer(815301076,1909f56bfc062723c751e8b465ee728b)  -> (artifact id: '84ce4f7d9540b2f7badcfb55500fef31') in 0.027200 seconds
  Import took 0.031048 seconds .

========================================================================
Received Import Request.
  Time since last request: 0.000261 seconds.
  path: Assets/2D assets/smokeparticleassets/PNG/White puff/whitePuff18.png
  artifactKey: Guid(cadbb24aba3394c41b13a131d528cf31) Importer(815301076,1909f56bfc062723c751e8b465ee728b)
Start importing Assets/2D assets/smokeparticleassets/PNG/White puff/whitePuff18.png using Guid(cadbb24aba3394c41b13a131d528cf31) Importer(815301076,1909f56bfc062723c751e8b465ee728b)  -> (artifact id: 'b48105f2a35f379d7f38adee56cf9d94') in 0.024492 seconds
  Import took 0.028535 seconds .

========================================================================
Received Import Request.
  Time since last request: 0.000426 seconds.
  path: Assets/2D assets/smokeparticleassets/PNG/White puff/whitePuff24.png
  artifactKey: Guid(07c362c0d560d4e42bf6d4dcb8cc39cb) Importer(815301076,1909f56bfc062723c751e8b465ee728b)
Start importing Assets/2D assets/smokeparticleassets/PNG/White puff/whitePuff24.png using Guid(07c362c0d560d4e42bf6d4dcb8cc39cb) Importer(815301076,1909f56bfc062723c751e8b465ee728b)  -> (artifact id: '88b80ad06891e33a7138e3f3fd9076ac') in 0.028055 seconds
  Import took 0.032974 seconds .

========================================================================
Received Import Request.
  Time since last request: 0.000213 seconds.
  path: Assets/2D assets/smokeparticleassets/PNG/White puff/whitePuff05.png
  artifactKey: Guid(05c24a0ce10297d4a96794541a5b572a) Importer(815301076,1909f56bfc062723c751e8b465ee728b)
Start importing Assets/2D assets/smokeparticleassets/PNG/White puff/whitePuff05.png using Guid(05c24a0ce10297d4a96794541a5b572a) Importer(815301076,1909f56bfc062723c751e8b465ee728b)  -> (artifact id: '06c725be9227cadd2d10697630a4ffa9') in 0.026286 seconds
  Import took 0.030768 seconds .

========================================================================
Received Import Request.
  Time since last request: 0.000224 seconds.
  path: Assets/2D assets/smokeparticleassets/PNG/White puff/whitePuff01.png
  artifactKey: Guid(6616d05d80ef89e4499130228680dd01) Importer(815301076,1909f56bfc062723c751e8b465ee728b)
Start importing Assets/2D assets/smokeparticleassets/PNG/White puff/whitePuff01.png using Guid(6616d05d80ef89e4499130228680dd01) Importer(815301076,1909f56bfc062723c751e8b465ee728b)  -> (artifact id: 'c33ee9ff7448faf876152bba1ddb35ec') in 0.019301 seconds
  Import took 0.024223 seconds .

========================================================================
Received Import Request.
  Time since last request: 0.000277 seconds.
  path: Assets/2D assets/smokeparticleassets/PNG/White puff/whitePuff12.png
  artifactKey: Guid(dcc2831b4a1f1e8469bbc9e01d25e56f) Importer(815301076,1909f56bfc062723c751e8b465ee728b)
Start importing Assets/2D assets/smokeparticleassets/PNG/White puff/whitePuff12.png using Guid(dcc2831b4a1f1e8469bbc9e01d25e56f) Importer(815301076,1909f56bfc062723c751e8b465ee728b)  -> (artifact id: '171626935e86061fca743f10cb8fc8f4') in 0.023037 seconds
  Import took 0.030087 seconds .

========================================================================
Received Import Request.
  Time since last request: 0.000254 seconds.
  path: Assets/2D assets/smokeparticleassets/PNG/White puff/whitePuff21.png
  artifactKey: Guid(b4271a01f40e0fb4cafb03211c321bdc) Importer(815301076,1909f56bfc062723c751e8b465ee728b)
Start importing Assets/2D assets/smokeparticleassets/PNG/White puff/whitePuff21.png using Guid(b4271a01f40e0fb4cafb03211c321bdc) Importer(815301076,1909f56bfc062723c751e8b465ee728b)  -> (artifact id: '2c1eda3b96134a5a550f8e94f1b9b176') in 0.017319 seconds
  Import took 0.023017 seconds .

========================================================================
Received Import Request.
  Time since last request: 0.000252 seconds.
  path: Assets/2D assets/smokeparticleassets/PNG/White puff/whitePuff07.png
  artifactKey: Guid(fe09783664d144546ad07ccd8d02b3a2) Importer(815301076,1909f56bfc062723c751e8b465ee728b)
Start importing Assets/2D assets/smokeparticleassets/PNG/White puff/whitePuff07.png using Guid(fe09783664d144546ad07ccd8d02b3a2) Importer(815301076,1909f56bfc062723c751e8b465ee728b)  -> (artifact id: '025274dd5ffc9c28173b061ac9fb814b') in 0.026943 seconds
  Import took 0.032310 seconds .

========================================================================
Received Import Request.
  Time since last request: 0.000282 seconds.
  path: Assets/2D assets/smokeparticleassets/PNG/White puff/whitePuff02.png
  artifactKey: Guid(b715d9d05fce4d741b142b6578c71630) Importer(815301076,1909f56bfc062723c751e8b465ee728b)
Start importing Assets/2D assets/smokeparticleassets/PNG/White puff/whitePuff02.png using Guid(b715d9d05fce4d741b142b6578c71630) Importer(815301076,1909f56bfc062723c751e8b465ee728b)  -> (artifact id: '59a296d77a6ea8789e6382ca1fb2b449') in 0.031676 seconds
  Import took 0.038113 seconds .

========================================================================
Received Import Request.
  Time since last request: 0.000316 seconds.
  path: Assets/2D assets/smokeparticleassets/PNG/White puff/whitePuff13.png
  artifactKey: Guid(e1ccb25934fcde949b79554991a17dd7) Importer(815301076,1909f56bfc062723c751e8b465ee728b)
Start importing Assets/2D assets/smokeparticleassets/PNG/White puff/whitePuff13.png using Guid(e1ccb25934fcde949b79554991a17dd7) Importer(815301076,1909f56bfc062723c751e8b465ee728b)  -> (artifact id: '8a94bb3269a6a0c3489e575e6e1cc1ab') in 0.022490 seconds
  Import took 0.029540 seconds .

========================================================================
Received Import Request.
  Time since last request: 0.000259 seconds.
  path: Assets/2D assets/smokeparticleassets/PNG/White puff/whitePuff06.png
  artifactKey: Guid(d6510c41b22e2e94ba2e2c8d3760af19) Importer(815301076,1909f56bfc062723c751e8b465ee728b)
Start importing Assets/2D assets/smokeparticleassets/PNG/White puff/whitePuff06.png using Guid(d6510c41b22e2e94ba2e2c8d3760af19) Importer(815301076,1909f56bfc062723c751e8b465ee728b)  -> (artifact id: 'c1584ebe1290a5ae1d80def04aaf4599') in 0.027970 seconds
  Import took 0.034299 seconds .

========================================================================
Received Import Request.
  Time since last request: 0.000294 seconds.
  path: Assets/2D assets/smokeparticleassets/PNG/White puff/whitePuff16.png
  artifactKey: Guid(309736e0990c7b74f86aa491cdfa4b6f) Importer(815301076,1909f56bfc062723c751e8b465ee728b)
Start importing Assets/2D assets/smokeparticleassets/PNG/White puff/whitePuff16.png using Guid(309736e0990c7b74f86aa491cdfa4b6f) Importer(815301076,1909f56bfc062723c751e8b465ee728b)  -> (artifact id: 'ee7491691310eb40e948fd3fd39f1aa9') in 0.024851 seconds
  Import took 0.032170 seconds .

========================================================================
Received Import Request.
  Time since last request: 0.000502 seconds.
  path: Assets/2D assets/smokeparticleassets/PNG/White puff/whitePuff11.png
  artifactKey: Guid(383d6c46dc59c7440992c1bf95ccce9f) Importer(815301076,1909f56bfc062723c751e8b465ee728b)
Start importing Assets/2D assets/smokeparticleassets/PNG/White puff/whitePuff11.png using Guid(383d6c46dc59c7440992c1bf95ccce9f) Importer(815301076,1909f56bfc062723c751e8b465ee728b)  -> (artifact id: '44e27634dfc434548226e24292c5e818') in 0.029182 seconds
  Import took 0.037860 seconds .

========================================================================
Received Import Request.
  Time since last request: 0.000274 seconds.
  path: Assets/2D assets/smokeparticleassets/PNG/White puff/whitePuff23.png
  artifactKey: Guid(85e85606239d5124699ce17085078e18) Importer(815301076,1909f56bfc062723c751e8b465ee728b)
Start importing Assets/2D assets/smokeparticleassets/PNG/White puff/whitePuff23.png using Guid(85e85606239d5124699ce17085078e18) Importer(815301076,1909f56bfc062723c751e8b465ee728b)  -> (artifact id: 'c553baab0f5c4c3efd9b25f3cca0d8c1') in 0.041316 seconds
  Import took 0.050808 seconds .

========================================================================
Received Import Request.
  Time since last request: 0.000297 seconds.
  path: Assets/2D assets/smokeparticleassets/PNG/White puff/whitePuff10.png
  artifactKey: Guid(f8646e765c6c36245bc1cbeb465b8ca3) Importer(815301076,1909f56bfc062723c751e8b465ee728b)
Start importing Assets/2D assets/smokeparticleassets/PNG/White puff/whitePuff10.png using Guid(f8646e765c6c36245bc1cbeb465b8ca3) Importer(815301076,1909f56bfc062723c751e8b465ee728b)  -> (artifact id: '91ff8e9cf32a9cf109dd6ea1326193ef') in 0.029422 seconds
  Import took 0.038372 seconds .

========================================================================
Received Import Request.
  Time since last request: 0.000303 seconds.
  path: Assets/2D assets/smokeparticleassets/PNG/White puff/whitePuff08.png
  artifactKey: Guid(7ec5835329e32564da2e183b37dee58e) Importer(815301076,1909f56bfc062723c751e8b465ee728b)
Start importing Assets/2D assets/smokeparticleassets/PNG/White puff/whitePuff08.png using Guid(7ec5835329e32564da2e183b37dee58e) Importer(815301076,1909f56bfc062723c751e8b465ee728b)  -> (artifact id: '0b048b2c6879ab8cb7b1ed661bca8af6') in 0.025909 seconds
  Import took 0.036416 seconds .

========================================================================
Received Import Request.
  Time since last request: 0.000281 seconds.
  path: Assets/2D assets/smokeparticleassets/PNG/White puff/whitePuff22.png
  artifactKey: Guid(68038af9458bb3b4896912842ae35d59) Importer(815301076,1909f56bfc062723c751e8b465ee728b)
Start importing Assets/2D assets/smokeparticleassets/PNG/White puff/whitePuff22.png using Guid(68038af9458bb3b4896912842ae35d59) Importer(815301076,1909f56bfc062723c751e8b465ee728b)  -> (artifact id: '36bb699086a589543dfdd44ddd8897ea') in 0.033778 seconds
  Import took 0.040206 seconds .

========================================================================
Received Import Request.
  Time since last request: 0.000315 seconds.
  path: Assets/2D assets/smokeparticleassets/PNG/White puff/whitePuff03.png
  artifactKey: Guid(f0d41d9c8d843de409647adc440f2bf4) Importer(815301076,1909f56bfc062723c751e8b465ee728b)
Start importing Assets/2D assets/smokeparticleassets/PNG/White puff/whitePuff03.png using Guid(f0d41d9c8d843de409647adc440f2bf4) Importer(815301076,1909f56bfc062723c751e8b465ee728b)  -> (artifact id: 'f35f6d008e865fabe726b68d9c8ccda8') in 0.024868 seconds
  Import took 0.030770 seconds .

========================================================================
Received Import Request.
  Time since last request: 0.000465 seconds.
  path: Assets/2D assets/smokeparticleassets/PNG/White puff/whitePuff14.png
  artifactKey: Guid(e5bf27f55cf53bf449e7909db7780ea1) Importer(815301076,1909f56bfc062723c751e8b465ee728b)
Start importing Assets/2D assets/smokeparticleassets/PNG/White puff/whitePuff14.png using Guid(e5bf27f55cf53bf449e7909db7780ea1) Importer(815301076,1909f56bfc062723c751e8b465ee728b)  -> (artifact id: '93a92531da86c14021939b90e18c7b2b') in 0.025083 seconds
  Import took 0.031855 seconds .

========================================================================
Received Import Request.
  Time since last request: 0.000273 seconds.
  path: Assets/2D assets/smokeparticleassets/PNG/White puff/whitePuff09.png
  artifactKey: Guid(f0a3c1212e3ef8648a1e592553abe7f6) Importer(815301076,1909f56bfc062723c751e8b465ee728b)
Start importing Assets/2D assets/smokeparticleassets/PNG/White puff/whitePuff09.png using Guid(f0a3c1212e3ef8648a1e592553abe7f6) Importer(815301076,1909f56bfc062723c751e8b465ee728b)  -> (artifact id: '74b52015a1e096b2faebd4786ae1e17e') in 0.025022 seconds
  Import took 0.031032 seconds .

========================================================================
Received Import Request.
  Time since last request: 0.000303 seconds.
  path: Assets/2D assets/smokeparticleassets/PNG/White puff/whitePuff17.png
  artifactKey: Guid(10c933e4e9a604949b5477293e1a7c82) Importer(815301076,1909f56bfc062723c751e8b465ee728b)
Start importing Assets/2D assets/smokeparticleassets/PNG/White puff/whitePuff17.png using Guid(10c933e4e9a604949b5477293e1a7c82) Importer(815301076,1909f56bfc062723c751e8b465ee728b)  -> (artifact id: '1b1f8ee3686649b2f53517d8bd534400') in 0.022621 seconds
  Import took 0.027834 seconds .

========================================================================
Received Import Request.
  Time since last request: 0.000282 seconds.
  path: Assets/2D assets/smokeparticleassets/PNG/White puff/whitePuff19.png
  artifactKey: Guid(b9416ebba36827a49b459738d6ef8ae3) Importer(815301076,1909f56bfc062723c751e8b465ee728b)
Start importing Assets/2D assets/smokeparticleassets/PNG/White puff/whitePuff19.png using Guid(b9416ebba36827a49b459738d6ef8ae3) Importer(815301076,1909f56bfc062723c751e8b465ee728b)  -> (artifact id: '9ec6ff3b4ac9edb4c1f2120ba7a11a2d') in 0.024211 seconds
  Import took 0.029968 seconds .

========================================================================
Received Import Request.
  Time since last request: 0.000303 seconds.
  path: Assets/2D assets/smokeparticleassets/PNG/White puff/whitePuff04.png
  artifactKey: Guid(ada2bd368dbdfd143afdddc6b256bd8e) Importer(815301076,1909f56bfc062723c751e8b465ee728b)
Start importing Assets/2D assets/smokeparticleassets/PNG/White puff/whitePuff04.png using Guid(ada2bd368dbdfd143afdddc6b256bd8e) Importer(815301076,1909f56bfc062723c751e8b465ee728b)  -> (artifact id: '18172d8d4720b99f6f555ede5ab1bbd1') in 0.025015 seconds
  Import took 0.032260 seconds .

========================================================================
Received Import Request.
  Time since last request: 0.000337 seconds.
  path: Assets/2D assets/smokeparticleassets/PNG/White puff/whitePuff15.png
  artifactKey: Guid(7f6e88fc2b5adb541a0b0c3f93a896c1) Importer(815301076,1909f56bfc062723c751e8b465ee728b)
Start importing Assets/2D assets/smokeparticleassets/PNG/White puff/whitePuff15.png using Guid(7f6e88fc2b5adb541a0b0c3f93a896c1) Importer(815301076,1909f56bfc062723c751e8b465ee728b)  -> (artifact id: '8be91b817aa17d3150fe22b4040b4d49') in 0.027848 seconds
  Import took 0.034680 seconds .

========================================================================
Received Import Request.
  Time since last request: 2.112567 seconds.
  path: Assets/2D assets/smokeparticleassets/PNG/Explosion/explosion00.png
  artifactKey: Guid(96e3cebf2074d3c4d8cd656dc705387b) Importer(815301076,1909f56bfc062723c751e8b465ee728b)
Start importing Assets/2D assets/smokeparticleassets/PNG/Explosion/explosion00.png using Guid(96e3cebf2074d3c4d8cd656dc705387b) Importer(815301076,1909f56bfc062723c751e8b465ee728b)  -> (artifact id: '4fe53182f1db57a8cbfaba9451a4df72') in 0.023192 seconds
  Import took 0.027152 seconds .

========================================================================
Received Import Request.
  Time since last request: 0.000207 seconds.
  path: Assets/2D assets/smokeparticleassets/PNG/Explosion/explosion03.png
  artifactKey: Guid(180151a43b394f844b9e6246eb9a8538) Importer(815301076,1909f56bfc062723c751e8b465ee728b)
Start importing Assets/2D assets/smokeparticleassets/PNG/Explosion/explosion03.png using Guid(180151a43b394f844b9e6246eb9a8538) Importer(815301076,1909f56bfc062723c751e8b465ee728b)  -> (artifact id: 'd9c3479f30dc1710c3a170451558bd5a') in 0.027976 seconds
  Import took 0.034350 seconds .

========================================================================
Received Import Request.
  Time since last request: 0.000449 seconds.
  path: Assets/2D assets/smokeparticleassets/PNG/Explosion/explosion01.png
  artifactKey: Guid(146ec6bd30258824395de841cb3e8435) Importer(815301076,1909f56bfc062723c751e8b465ee728b)
Start importing Assets/2D assets/smokeparticleassets/PNG/Explosion/explosion01.png using Guid(146ec6bd30258824395de841cb3e8435) Importer(815301076,1909f56bfc062723c751e8b465ee728b)  -> (artifact id: 'a197ce2505f2a93704a785a104fc7fc5') in 0.018807 seconds
  Import took 0.024323 seconds .

========================================================================
Received Import Request.
  Time since last request: 0.000395 seconds.
  path: Assets/2D assets/smokeparticleassets/PNG/Explosion/explosion02.png
  artifactKey: Guid(7d7c737e4cd77b94196cc3cb6b86255d) Importer(815301076,1909f56bfc062723c751e8b465ee728b)
Start importing Assets/2D assets/smokeparticleassets/PNG/Explosion/explosion02.png using Guid(7d7c737e4cd77b94196cc3cb6b86255d) Importer(815301076,1909f56bfc062723c751e8b465ee728b)  -> (artifact id: '11e538a19cec10e4db0da3551853da98') in 0.026643 seconds
  Import took 0.033596 seconds .

========================================================================
Received Import Request.
  Time since last request: 0.000254 seconds.
  path: Assets/2D assets/smokeparticleassets/PNG/Explosion/explosion01.png
  artifactKey: Guid(146ec6bd30258824395de841cb3e8435) Importer(815301076,1909f56bfc062723c751e8b465ee728b)
Start importing Assets/2D assets/smokeparticleassets/PNG/Explosion/explosion01.png using Guid(146ec6bd30258824395de841cb3e8435) Importer(815301076,1909f56bfc062723c751e8b465ee728b)  -> (artifact id: 'a197ce2505f2a93704a785a104fc7fc5') in 0.018445 seconds
  Import took 0.022794 seconds .

========================================================================
Received Import Request.
  Time since last request: 0.000324 seconds.
  path: Assets/2D assets/smokeparticleassets/PNG/Explosion/explosion02.png
  artifactKey: Guid(7d7c737e4cd77b94196cc3cb6b86255d) Importer(815301076,1909f56bfc062723c751e8b465ee728b)
Start importing Assets/2D assets/smokeparticleassets/PNG/Explosion/explosion02.png using Guid(7d7c737e4cd77b94196cc3cb6b86255d) Importer(815301076,1909f56bfc062723c751e8b465ee728b)  -> (artifact id: '11e538a19cec10e4db0da3551853da98') in 0.014228 seconds
  Import took 0.019092 seconds .

========================================================================
Received Import Request.
  Time since last request: 0.000299 seconds.
  path: Assets/2D assets/smokeparticleassets/PNG/Explosion/explosion08.png
  artifactKey: Guid(9812ed5d23951fd4e8f7d26911eed0d3) Importer(815301076,1909f56bfc062723c751e8b465ee728b)
Start importing Assets/2D assets/smokeparticleassets/PNG/Explosion/explosion08.png using Guid(9812ed5d23951fd4e8f7d26911eed0d3) Importer(815301076,1909f56bfc062723c751e8b465ee728b)  -> (artifact id: '9a4538be34023b30786c43ac1a609161') in 0.030559 seconds
  Import took 0.037062 seconds .

========================================================================
Received Import Request.
  Time since last request: 0.000300 seconds.
  path: Assets/2D assets/smokeparticleassets/PNG/Explosion/explosion05.png
  artifactKey: Guid(113ca433a50bfed47840fa130d876276) Importer(815301076,1909f56bfc062723c751e8b465ee728b)
Start importing Assets/2D assets/smokeparticleassets/PNG/Explosion/explosion05.png using Guid(113ca433a50bfed47840fa130d876276) Importer(815301076,1909f56bfc062723c751e8b465ee728b)  -> (artifact id: 'bd60db1895c690d5775df4bdbe4385d4') in 0.031230 seconds
  Import took 0.038087 seconds .

========================================================================
Received Import Request.
  Time since last request: 0.000289 seconds.
  path: Assets/2D assets/smokeparticleassets/PNG/Explosion/explosion07.png
  artifactKey: Guid(7beb537893efbbd48af71f3dda01dee7) Importer(815301076,1909f56bfc062723c751e8b465ee728b)
Start importing Assets/2D assets/smokeparticleassets/PNG/Explosion/explosion07.png using Guid(7beb537893efbbd48af71f3dda01dee7) Importer(815301076,1909f56bfc062723c751e8b465ee728b)  -> (artifact id: '135b320ebebe597323d01b85a8e0f4c2') in 0.029727 seconds
  Import took 0.035162 seconds .

========================================================================
Received Import Request.
  Time since last request: 0.000345 seconds.
  path: Assets/2D assets/smokeparticleassets/PNG/Explosion/explosion06.png
  artifactKey: Guid(d39c2e885e892a14da9b8028698f0009) Importer(815301076,1909f56bfc062723c751e8b465ee728b)
Start importing Assets/2D assets/smokeparticleassets/PNG/Explosion/explosion06.png using Guid(d39c2e885e892a14da9b8028698f0009) Importer(815301076,1909f56bfc062723c751e8b465ee728b)  -> (artifact id: 'a7ddef0e98587cb87b7770fff698d4ab') in 0.028990 seconds
  Import took 0.033140 seconds .

========================================================================
Received Import Request.
  Time since last request: 0.000341 seconds.
  path: Assets/2D assets/smokeparticleassets/PNG/Explosion/explosion04.png
  artifactKey: Guid(bfe4d2069501cb843bcfce34f614e342) Importer(815301076,1909f56bfc062723c751e8b465ee728b)
Start importing Assets/2D assets/smokeparticleassets/PNG/Explosion/explosion04.png using Guid(bfe4d2069501cb843bcfce34f614e342) Importer(815301076,1909f56bfc062723c751e8b465ee728b)  -> (artifact id: '758cfba1a89e6ff2649be9a5c4fdd586') in 0.027630 seconds
  Import took 0.032559 seconds .

========================================================================
Received Import Request.
  Time since last request: 1.041394 seconds.
  path: Assets/2D assets/smokeparticleassets/PNG/Black smoke/blackSmoke00.png
  artifactKey: Guid(b7b5dcbaa7b342f47bbfdf0a7e2b1674) Importer(815301076,1909f56bfc062723c751e8b465ee728b)
Start importing Assets/2D assets/smokeparticleassets/PNG/Black smoke/blackSmoke00.png using Guid(b7b5dcbaa7b342f47bbfdf0a7e2b1674) Importer(815301076,1909f56bfc062723c751e8b465ee728b)  -> (artifact id: 'cbf328cba30d902196314e8e865ba9a0') in 0.019797 seconds
  Import took 0.024909 seconds .

========================================================================
Received Import Request.
  Time since last request: 0.000267 seconds.
  path: Assets/2D assets/smokeparticleassets/PNG/Black smoke/blackSmoke14.png
  artifactKey: Guid(b4e91650d67f81e44b9100199cc3b3ed) Importer(815301076,1909f56bfc062723c751e8b465ee728b)
Start importing Assets/2D assets/smokeparticleassets/PNG/Black smoke/blackSmoke14.png using Guid(b4e91650d67f81e44b9100199cc3b3ed) Importer(815301076,1909f56bfc062723c751e8b465ee728b)  -> (artifact id: '3fa57ab0c7fe94bff2364b5d4c3b0be9') in 0.017636 seconds
  Import took 0.022567 seconds .

========================================================================
Received Import Request.
  Time since last request: 0.000288 seconds.
  path: Assets/2D assets/smokeparticleassets/PNG/Black smoke/blackSmoke10.png
  artifactKey: Guid(92de1c7d3fdd35f4ca0684fed1a262b3) Importer(815301076,1909f56bfc062723c751e8b465ee728b)
Start importing Assets/2D assets/smokeparticleassets/PNG/Black smoke/blackSmoke10.png using Guid(92de1c7d3fdd35f4ca0684fed1a262b3) Importer(815301076,1909f56bfc062723c751e8b465ee728b)  -> (artifact id: 'a07f7746d33878fb7bf8780152dd265b') in 0.022500 seconds
  Import took 0.027157 seconds .

========================================================================
Received Import Request.
  Time since last request: 0.000397 seconds.
  path: Assets/2D assets/smokeparticleassets/PNG/Black smoke/blackSmoke16.png
  artifactKey: Guid(cd72edba9baf50c4ebbfee555b0fa375) Importer(815301076,1909f56bfc062723c751e8b465ee728b)
Start importing Assets/2D assets/smokeparticleassets/PNG/Black smoke/blackSmoke16.png using Guid(cd72edba9baf50c4ebbfee555b0fa375) Importer(815301076,1909f56bfc062723c751e8b465ee728b)  -> (artifact id: '9faf3a95606747ed7d9ad1d7a1667d48') in 0.027420 seconds
  Import took 0.031413 seconds .

========================================================================
Received Import Request.
  Time since last request: 0.000206 seconds.
  path: Assets/2D assets/smokeparticleassets/PNG/Black smoke/blackSmoke18.png
  artifactKey: Guid(f53315d12432f7540a1e90978e3a266e) Importer(815301076,1909f56bfc062723c751e8b465ee728b)
Start importing Assets/2D assets/smokeparticleassets/PNG/Black smoke/blackSmoke18.png using Guid(f53315d12432f7540a1e90978e3a266e) Importer(815301076,1909f56bfc062723c751e8b465ee728b)  -> (artifact id: '5cc52cdab402acd4866f54790bfcefd0') in 0.027566 seconds
  Import took 0.036039 seconds .

========================================================================
Received Import Request.
  Time since last request: 0.000274 seconds.
  path: Assets/2D assets/smokeparticleassets/PNG/Black smoke/blackSmoke08.png
  artifactKey: Guid(cbe43f1cfdaa45547b45a96a6d6bf9a0) Importer(815301076,1909f56bfc062723c751e8b465ee728b)
Start importing Assets/2D assets/smokeparticleassets/PNG/Black smoke/blackSmoke08.png using Guid(cbe43f1cfdaa45547b45a96a6d6bf9a0) Importer(815301076,1909f56bfc062723c751e8b465ee728b)  -> (artifact id: 'be5898a2ecc5736c550d5b091fd33391') in 0.041214 seconds
  Import took 0.049876 seconds .

========================================================================
Received Import Request.
  Time since last request: 0.000275 seconds.
  path: Assets/2D assets/smokeparticleassets/PNG/Black smoke/blackSmoke24.png
  artifactKey: Guid(d48ac0e16dc673f41901a4c470bff5e6) Importer(815301076,1909f56bfc062723c751e8b465ee728b)
Start importing Assets/2D assets/smokeparticleassets/PNG/Black smoke/blackSmoke24.png using Guid(d48ac0e16dc673f41901a4c470bff5e6) Importer(815301076,1909f56bfc062723c751e8b465ee728b)  -> (artifact id: '07390cd36941de866ce8859bdbe9eb97') in 0.040276 seconds
  Import took 0.045972 seconds .

========================================================================
Received Import Request.
  Time since last request: 0.000300 seconds.
  path: Assets/2D assets/smokeparticleassets/PNG/Black smoke/blackSmoke15.png
  artifactKey: Guid(2a70dea42b2eb4b41afd4d99c3d121c4) Importer(815301076,1909f56bfc062723c751e8b465ee728b)
Start importing Assets/2D assets/smokeparticleassets/PNG/Black smoke/blackSmoke15.png using Guid(2a70dea42b2eb4b41afd4d99c3d121c4) Importer(815301076,1909f56bfc062723c751e8b465ee728b)  -> (artifact id: 'eee1eae21a580c22f0ee6fb09ca8b239') in 0.032845 seconds
  Import took 0.036982 seconds .

========================================================================
Received Import Request.
  Time since last request: 0.000233 seconds.
  path: Assets/2D assets/smokeparticleassets/PNG/Black smoke/blackSmoke17.png
  artifactKey: Guid(d1bab6794ccd0284a9f96dd447b9d318) Importer(815301076,1909f56bfc062723c751e8b465ee728b)
Start importing Assets/2D assets/smokeparticleassets/PNG/Black smoke/blackSmoke17.png using Guid(d1bab6794ccd0284a9f96dd447b9d318) Importer(815301076,1909f56bfc062723c751e8b465ee728b)  -> (artifact id: 'd9779fad8dcea49a095069e83dee6c76') in 0.031581 seconds
  Import took 0.036150 seconds .

========================================================================
Received Import Request.
  Time since last request: 0.000347 seconds.
  path: Assets/2D assets/smokeparticleassets/PNG/Black smoke/blackSmoke02.png
  artifactKey: Guid(256ee266088b1db42af17be3994992cf) Importer(815301076,1909f56bfc062723c751e8b465ee728b)
Start importing Assets/2D assets/smokeparticleassets/PNG/Black smoke/blackSmoke02.png using Guid(256ee266088b1db42af17be3994992cf) Importer(815301076,1909f56bfc062723c751e8b465ee728b)  -> (artifact id: 'c0ee152c66fe7b65fc02cdedbeb6caff') in 0.036155 seconds
  Import took 0.041156 seconds .

========================================================================
Received Import Request.
  Time since last request: 0.000258 seconds.
  path: Assets/2D assets/smokeparticleassets/PNG/Black smoke/blackSmoke06.png
  artifactKey: Guid(e049b14eadb946c4e86561beef35420b) Importer(815301076,1909f56bfc062723c751e8b465ee728b)
Start importing Assets/2D assets/smokeparticleassets/PNG/Black smoke/blackSmoke06.png using Guid(e049b14eadb946c4e86561beef35420b) Importer(815301076,1909f56bfc062723c751e8b465ee728b)  -> (artifact id: '8c58d04cea70692042b503868b04b40d') in 0.027579 seconds
  Import took 0.033475 seconds .

========================================================================
Received Import Request.
  Time since last request: 0.000313 seconds.
  path: Assets/2D assets/smokeparticleassets/PNG/Black smoke/blackSmoke11.png
  artifactKey: Guid(9a309b0c5cd06e04cac01ce9c556cabb) Importer(815301076,1909f56bfc062723c751e8b465ee728b)
Start importing Assets/2D assets/smokeparticleassets/PNG/Black smoke/blackSmoke11.png using Guid(9a309b0c5cd06e04cac01ce9c556cabb) Importer(815301076,1909f56bfc062723c751e8b465ee728b)  -> (artifact id: '8c19841e9553e2b064dda1b4c678b2d7') in 0.029187 seconds
  Import took 0.034746 seconds .

========================================================================
Received Import Request.
  Time since last request: 0.000275 seconds.
  path: Assets/2D assets/smokeparticleassets/PNG/Black smoke/blackSmoke19.png
  artifactKey: Guid(1705a81b7eb62f84cb056343bfa72d12) Importer(815301076,1909f56bfc062723c751e8b465ee728b)
Start importing Assets/2D assets/smokeparticleassets/PNG/Black smoke/blackSmoke19.png using Guid(1705a81b7eb62f84cb056343bfa72d12) Importer(815301076,1909f56bfc062723c751e8b465ee728b)  -> (artifact id: '0824be4754be3772bdf88317c8aa51c6') in 0.027162 seconds
  Import took 0.032320 seconds .

========================================================================
Received Import Request.
  Time since last request: 0.000276 seconds.
  path: Assets/2D assets/smokeparticleassets/PNG/Black smoke/blackSmoke20.png
  artifactKey: Guid(5e93108f632c8bd4ea6dc749d370c9bd) Importer(815301076,1909f56bfc062723c751e8b465ee728b)
Start importing Assets/2D assets/smokeparticleassets/PNG/Black smoke/blackSmoke20.png using Guid(5e93108f632c8bd4ea6dc749d370c9bd) Importer(815301076,1909f56bfc062723c751e8b465ee728b)  -> (artifact id: 'f07d140c48bf24bb4a040338df91540d') in 0.026597 seconds
  Import took 0.032597 seconds .

========================================================================
Received Import Request.
  Time since last request: 0.000245 seconds.
  path: Assets/2D assets/smokeparticleassets/PNG/Black smoke/blackSmoke04.png
  artifactKey: Guid(50d2a7c7247cc2642bdbb81298c71fab) Importer(815301076,1909f56bfc062723c751e8b465ee728b)
Start importing Assets/2D assets/smokeparticleassets/PNG/Black smoke/blackSmoke04.png using Guid(50d2a7c7247cc2642bdbb81298c71fab) Importer(815301076,1909f56bfc062723c751e8b465ee728b)  -> (artifact id: '681dcd7acf69cfbd315984b8a602f181') in 0.024171 seconds
  Import took 0.031270 seconds .

========================================================================
Received Import Request.
  Time since last request: 0.000326 seconds.
  path: Assets/2D assets/smokeparticleassets/PNG/Black smoke/blackSmoke23.png
  artifactKey: Guid(eb18dba0056e1384fbb53fd7ed309aef) Importer(815301076,1909f56bfc062723c751e8b465ee728b)
Start importing Assets/2D assets/smokeparticleassets/PNG/Black smoke/blackSmoke23.png using Guid(eb18dba0056e1384fbb53fd7ed309aef) Importer(815301076,1909f56bfc062723c751e8b465ee728b)  -> (artifact id: '1c3eb3f1b60f875095f2a4cc2b257e79') in 0.026011 seconds
  Import took 0.032421 seconds .

========================================================================
Received Import Request.
  Time since last request: 0.000406 seconds.
  path: Assets/2D assets/smokeparticleassets/PNG/Black smoke/blackSmoke21.png
  artifactKey: Guid(f94edcc2ccb0f714fa51795b133f2f31) Importer(815301076,1909f56bfc062723c751e8b465ee728b)
Start importing Assets/2D assets/smokeparticleassets/PNG/Black smoke/blackSmoke21.png using Guid(f94edcc2ccb0f714fa51795b133f2f31) Importer(815301076,1909f56bfc062723c751e8b465ee728b)  -> (artifact id: '519a35c8e2aaeef3be27f2752f4cf5a6') in 0.028046 seconds
  Import took 0.032231 seconds .

========================================================================
Received Import Request.
  Time since last request: 0.000311 seconds.
  path: Assets/2D assets/smokeparticleassets/PNG/Black smoke/blackSmoke01.png
  artifactKey: Guid(1fc05a6b4b6ec1147b42224a8bb78f45) Importer(815301076,1909f56bfc062723c751e8b465ee728b)
Start importing Assets/2D assets/smokeparticleassets/PNG/Black smoke/blackSmoke01.png using Guid(1fc05a6b4b6ec1147b42224a8bb78f45) Importer(815301076,1909f56bfc062723c751e8b465ee728b)  -> (artifact id: 'ac3522368e786a8be0c40b9f1a5a1b29') in 0.029640 seconds
  Import took 0.034968 seconds .

========================================================================
Received Import Request.
  Time since last request: 0.000258 seconds.
  path: Assets/2D assets/smokeparticleassets/PNG/Black smoke/blackSmoke03.png
  artifactKey: Guid(94723095b9c3c694bab7501bc89810e1) Importer(815301076,1909f56bfc062723c751e8b465ee728b)
Start importing Assets/2D assets/smokeparticleassets/PNG/Black smoke/blackSmoke03.png using Guid(94723095b9c3c694bab7501bc89810e1) Importer(815301076,1909f56bfc062723c751e8b465ee728b)  -> (artifact id: '78f7664da84d11c4c280261626f31a89') in 0.027371 seconds
  Import took 0.032077 seconds .

========================================================================
Received Import Request.
  Time since last request: 0.000234 seconds.
  path: Assets/2D assets/smokeparticleassets/PNG/Black smoke/blackSmoke09.png
  artifactKey: Guid(e86839a06ca8c28459ed95918fa4df3b) Importer(815301076,1909f56bfc062723c751e8b465ee728b)
Start importing Assets/2D assets/smokeparticleassets/PNG/Black smoke/blackSmoke09.png using Guid(e86839a06ca8c28459ed95918fa4df3b) Importer(815301076,1909f56bfc062723c751e8b465ee728b)  -> (artifact id: '9b89db0380c7a0799863e6dae9480b42') in 0.026929 seconds
  Import took 0.032011 seconds .

========================================================================
Received Import Request.
  Time since last request: 0.000279 seconds.
  path: Assets/2D assets/smokeparticleassets/PNG/Black smoke/blackSmoke05.png
  artifactKey: Guid(2f6a939c826efff4bb83f065e195205a) Importer(815301076,1909f56bfc062723c751e8b465ee728b)
Start importing Assets/2D assets/smokeparticleassets/PNG/Black smoke/blackSmoke05.png using Guid(2f6a939c826efff4bb83f065e195205a) Importer(815301076,1909f56bfc062723c751e8b465ee728b)  -> (artifact id: '00f0b18a0b4e44c4202f1ac24b0e7329') in 0.022237 seconds
  Import took 0.028985 seconds .

========================================================================
Received Import Request.
  Time since last request: 0.000245 seconds.
  path: Assets/2D assets/smokeparticleassets/PNG/Black smoke/blackSmoke07.png
  artifactKey: Guid(8ca3a7ec68add47408fa6895b3745808) Importer(815301076,1909f56bfc062723c751e8b465ee728b)
Start importing Assets/2D assets/smokeparticleassets/PNG/Black smoke/blackSmoke07.png using Guid(8ca3a7ec68add47408fa6895b3745808) Importer(815301076,1909f56bfc062723c751e8b465ee728b)  -> (artifact id: '8e648e69244ff529ef05979c045f20f3') in 0.022669 seconds
  Import took 0.027244 seconds .

========================================================================
Received Import Request.
  Time since last request: 0.000256 seconds.
  path: Assets/2D assets/smokeparticleassets/PNG/Black smoke/blackSmoke22.png
  artifactKey: Guid(194dc6fa32b65934ebce060e3676cab7) Importer(815301076,1909f56bfc062723c751e8b465ee728b)
Start importing Assets/2D assets/smokeparticleassets/PNG/Black smoke/blackSmoke22.png using Guid(194dc6fa32b65934ebce060e3676cab7) Importer(815301076,1909f56bfc062723c751e8b465ee728b)  -> (artifact id: 'a541c9914581803780a1a1a1b30b688b') in 0.026270 seconds
  Import took 0.031267 seconds .

========================================================================
Received Import Request.
  Time since last request: 0.000240 seconds.
  path: Assets/2D assets/smokeparticleassets/PNG/Black smoke/blackSmoke12.png
  artifactKey: Guid(d4c2b729fcf54214eace760aa46ca0a6) Importer(815301076,1909f56bfc062723c751e8b465ee728b)
Start importing Assets/2D assets/smokeparticleassets/PNG/Black smoke/blackSmoke12.png using Guid(d4c2b729fcf54214eace760aa46ca0a6) Importer(815301076,1909f56bfc062723c751e8b465ee728b)  -> (artifact id: '22358588d47ffaa207db6b02b35bd130') in 0.024445 seconds
  Import took 0.029133 seconds .

========================================================================
Received Import Request.
  Time since last request: 0.000283 seconds.
  path: Assets/2D assets/smokeparticleassets/PNG/Black smoke/blackSmoke13.png
  artifactKey: Guid(eead1aa743a30c644873f53dd0ffa522) Importer(815301076,1909f56bfc062723c751e8b465ee728b)
Start importing Assets/2D assets/smokeparticleassets/PNG/Black smoke/blackSmoke13.png using Guid(eead1aa743a30c644873f53dd0ffa522) Importer(815301076,1909f56bfc062723c751e8b465ee728b)  -> (artifact id: '01c8f8396caf3de804594c0d5f2d7fcf') in 0.027079 seconds
  Import took 0.031491 seconds .

AssetImportWorkerClient::OnTransportError - code=2 error=End of file
