Using pre-set license
Built from '2020.3/staging' branch; Version is '2020.3.5f1 (8095aa901b9b) revision 8426922'; Using compiler version '192528614'; Build Type 'Release'
OS: 'Windows 10 Pro; OS build 22000.739; Version 2009; 64bit' Language: 'en' Physical Memory: 8110 MB
BatchMode: 1, IsHumanControllingUs: 0, StartBugReporterOnCrash: 0, Is64bit: 1, IsPro: 0

 COMMAND LINE ARGUMENTS:
C:\Users\bridg\Desktop\Unity Versions\Unity\2020.3.5f1\Editor\Unity.exe
-adb2
-batchMode
-noUpm
-name
AssetImportWorker0
-projectPath
C:/Users/bridg/Desktop/Git Uploads/Portfolio/projectWalter
-logFile
Logs/AssetImportWorker0.log
-srvPort
51059
Successfully changed project path to: C:/Users/bridg/Desktop/Git Uploads/Portfolio/projectWalter
C:/Users/bridg/Desktop/Git Uploads/Portfolio/projectWalter
Using Asset Import Pipeline V2.
Refreshing native plugins compatible for Editor in 49.57 ms, found 1 plugins.
Preloading 0 native plugins for Editor in 0.00 ms.
Initialize engine version: 2020.3.5f1 (8095aa901b9b)
[Subsystems] Discovering subsystems at path C:/Users/bridg/Desktop/Unity Versions/Unity/2020.3.5f1/Editor/Data/Resources/UnitySubsystems
[Subsystems] Discovering subsystems at path C:/Users/bridg/Desktop/Git Uploads/Portfolio/projectWalter/Assets
GfxDevice: creating device client; threaded=0
Direct3D:
    Version:  Direct3D 11.0 [level 11.1]
    Renderer: NVIDIA GeForce GTX 1050 (ID=0x1c8d)
    Vendor:   
    VRAM:     4021 MB
    Driver:   30.0.15.1215
Initialize mono
Mono path[0] = 'C:/Users/bridg/Desktop/Unity Versions/Unity/2020.3.5f1/Editor/Data/Managed'
Mono path[1] = 'C:/Users/bridg/Desktop/Unity Versions/Unity/2020.3.5f1/Editor/Data/MonoBleedingEdge/lib/mono/unityjit'
Mono config path = 'C:/Users/bridg/Desktop/Unity Versions/Unity/2020.3.5f1/Editor/Data/MonoBleedingEdge/etc'
Using monoOptions --debugger-agent=transport=dt_socket,embedding=1,server=y,suspend=n,address=127.0.0.1:56612
Begin MonoManager ReloadAssembly
Registering precompiled unity dll's ...
Register platform support module: C:/Users/bridg/Desktop/Unity Versions/Unity/2020.3.5f1/Editor/Data/PlaybackEngines/WebGLSupport/UnityEditor.WebGL.Extensions.dll
Register platform support module: C:/Users/bridg/Desktop/Unity Versions/Unity/2020.3.5f1/Editor/Data/PlaybackEngines/MacStandaloneSupport/UnityEditor.OSXStandalone.Extensions.dll
Register platform support module: C:/Users/bridg/Desktop/Unity Versions/Unity/2020.3.5f1/Editor/Data/PlaybackEngines/WindowsStandaloneSupport/UnityEditor.WindowsStandalone.Extensions.dll
Register platform support module: C:/Users/bridg/Desktop/Unity Versions/Unity/2020.3.5f1/Editor/Data/PlaybackEngines/LinuxStandaloneSupport/UnityEditor.LinuxStandalone.Extensions.dll
Register platform support module: C:/Users/bridg/Desktop/Unity Versions/Unity/2020.3.5f1/Editor/Data/PlaybackEngines/LuminSupport/UnityEditor.Lumin.Extensions.dll
Registered in 0.003765 seconds.
Native extension for Lumin target not found
Native extension for LinuxStandalone target not found
Native extension for WindowsStandalone target not found
Native extension for OSXStandalone target not found
Native extension for WebGL target not found
Refreshing native plugins compatible for Editor in 46.90 ms, found 1 plugins.
Preloading 0 native plugins for Editor in 0.00 ms.
Mono: successfully reloaded assembly
- Completed reload, in  2.567 seconds
Platform modules already initialized, skipping
Registering precompiled user dll's ...
Registered in 0.001084 seconds.
Begin MonoManager ReloadAssembly
Native extension for Lumin target not found
Native extension for LinuxStandalone target not found
Native extension for WindowsStandalone target not found
Native extension for OSXStandalone target not found
Native extension for WebGL target not found
Refreshing native plugins compatible for Editor in 54.52 ms, found 1 plugins.
Preloading 0 native plugins for Editor in 0.00 ms.
Mono: successfully reloaded assembly
- Completed reload, in  1.130 seconds
Platform modules already initialized, skipping
========================================================================
Worker process is ready to serve import requests
Launched and connected shader compiler UnityShaderCompiler.exe after 1.94 seconds
Refreshing native plugins compatible for Editor in 0.45 ms, found 1 plugins.
Preloading 0 native plugins for Editor in 0.00 ms.
Unloading 1972 Unused Serialized files (Serialized files now loaded: 0)
System memory in use before: 90.9 MB.
System memory in use after: 90.8 MB.

Unloading 25 unused Assets to reduce memory usage. Loaded Objects now: 2417.
Total: 2.807400 ms (FindLiveObjects: 0.410000 ms CreateObjectMapping: 0.264400 ms MarkObjects: 1.979100 ms  DeleteObjects: 0.152600 ms)

========================================================================
Received Import Request.
  path: Assets/Tarodev 2D Controller/Sprites/Player.png
  artifactKey: Guid(9ec0ca269ec0b4f4fa12877c83d9dd88) Importer(815301076,1909f56bfc062723c751e8b465ee728b)
Start importing Assets/Tarodev 2D Controller/Sprites/Player.png using Guid(9ec0ca269ec0b4f4fa12877c83d9dd88) Importer(815301076,1909f56bfc062723c751e8b465ee728b)  -> (artifact id: 'd17571bf8900287631f4baaf400fd984') in 0.191024 seconds
  Import took 0.195700 seconds .

========================================================================
Received Import Request.
  Time since last request: 0.000499 seconds.
  path: Assets/Tarodev 2D Controller/Materials/RunDust.mat
  artifactKey: Guid(0867f43889af6db499f5a463524c3095) Importer(815301076,1909f56bfc062723c751e8b465ee728b)
Start importing Assets/Tarodev 2D Controller/Materials/RunDust.mat using Guid(0867f43889af6db499f5a463524c3095) Importer(815301076,1909f56bfc062723c751e8b465ee728b)  -> (artifact id: 'db044f50a104d17e07b217267a5f1a7f') in 0.063280 seconds
  Import took 0.066741 seconds .

========================================================================
Received Import Request.
  Time since last request: 0.000198 seconds.
  path: Assets/Tarodev 2D Controller/Materials/Trail.mat
  artifactKey: Guid(e838edadfae42f04ea5f2d8dcd7641af) Importer(815301076,1909f56bfc062723c751e8b465ee728b)
Start importing Assets/Tarodev 2D Controller/Materials/Trail.mat using Guid(e838edadfae42f04ea5f2d8dcd7641af) Importer(815301076,1909f56bfc062723c751e8b465ee728b)  -> (artifact id: '8c981e8557d2b961278b424b9f319ce4') in 0.013297 seconds
  Import took 0.018000 seconds .

========================================================================
Received Import Request.
  Time since last request: 0.000285 seconds.
  path: Assets/Tarodev 2D Controller/Sprites/Circle.png
  artifactKey: Guid(8620bcf7fa769e94fa548c2fc0325ef4) Importer(815301076,1909f56bfc062723c751e8b465ee728b)
Start importing Assets/Tarodev 2D Controller/Sprites/Circle.png using Guid(8620bcf7fa769e94fa548c2fc0325ef4) Importer(815301076,1909f56bfc062723c751e8b465ee728b)  -> (artifact id: '8de80b778d4e58f224d846e8d471494c') in 0.011201 seconds
  Import took 0.016173 seconds .

========================================================================
Received Import Request.
  Time since last request: 0.000280 seconds.
  path: Assets/Tarodev 2D Controller/Prefabs/Player.prefab
  artifactKey: Guid(42303504a4fc90a43bc5178df9876bf2) Importer(815301076,1909f56bfc062723c751e8b465ee728b)
Start importing Assets/Tarodev 2D Controller/Prefabs/Player.prefab using Guid(42303504a4fc90a43bc5178df9876bf2) Importer(815301076,1909f56bfc062723c751e8b465ee728b)  -> (artifact id: '1f85cbcb38a3b8f051e9842b969ebdc5') in 0.077835 seconds
  Import took 0.083031 seconds .

========================================================================
Received Prepare
Refreshing native plugins compatible for Editor in 34.26 ms, found 1 plugins.
Preloading 0 native plugins for Editor in 0.00 ms.
Unloading 10 Unused Serialized files (Serialized files now loaded: 0)
System memory in use before: 56.2 MB.
System memory in use after: 56.2 MB.

Unloading 10 unused Assets to reduce memory usage. Loaded Objects now: 2461.
Total: 248.068400 ms (FindLiveObjects: 2.884000 ms CreateObjectMapping: 0.161700 ms MarkObjects: 243.668300 ms  DeleteObjects: 0.949600 ms)

========================================================================
Received Import Request.
  Time since last request: 171.795514 seconds.
  path: Assets/Scripts/Animations.cs
  artifactKey: Guid(97b6e61f26833c341bc6c17456adfeb2) Importer(815301076,1909f56bfc062723c751e8b465ee728b)
Start importing Assets/Scripts/Animations.cs using Guid(97b6e61f26833c341bc6c17456adfeb2) Importer(815301076,1909f56bfc062723c751e8b465ee728b)  -> (artifact id: 'c18181f756b361f16d94b20ce12b35aa') in 0.044137 seconds
  Import took 0.061224 seconds .

========================================================================
Received Prepare
Registering precompiled user dll's ...
Registered in 0.001432 seconds.
Begin MonoManager ReloadAssembly
Native extension for Lumin target not found
Native extension for LinuxStandalone target not found
Native extension for WindowsStandalone target not found
Native extension for OSXStandalone target not found
Native extension for WebGL target not found
Refreshing native plugins compatible for Editor in 0.46 ms, found 1 plugins.
Preloading 0 native plugins for Editor in 0.00 ms.
Mono: successfully reloaded assembly
- Completed reload, in  1.407 seconds
Platform modules already initialized, skipping
Refreshing native plugins compatible for Editor in 0.56 ms, found 1 plugins.
Preloading 0 native plugins for Editor in 0.00 ms.
Unloading 1966 Unused Serialized files (Serialized files now loaded: 0)
System memory in use before: 94.1 MB.
System memory in use after: 94.0 MB.

Unloading 13 unused Assets to reduce memory usage. Loaded Objects now: 2466.
Total: 2.480800 ms (FindLiveObjects: 0.257000 ms CreateObjectMapping: 0.109900 ms MarkObjects: 2.001400 ms  DeleteObjects: 0.111400 ms)

========================================================================
Received Prepare
Registering precompiled user dll's ...
Registered in 0.001390 seconds.
Begin MonoManager ReloadAssembly
Native extension for Lumin target not found
Native extension for LinuxStandalone target not found
Native extension for WindowsStandalone target not found
Native extension for OSXStandalone target not found
Native extension for WebGL target not found
Refreshing native plugins compatible for Editor in 0.46 ms, found 1 plugins.
Preloading 0 native plugins for Editor in 0.00 ms.
Mono: successfully reloaded assembly
- Completed reload, in  1.299 seconds
Platform modules already initialized, skipping
Refreshing native plugins compatible for Editor in 0.43 ms, found 1 plugins.
Preloading 0 native plugins for Editor in 0.00 ms.
Unloading 1966 Unused Serialized files (Serialized files now loaded: 0)
System memory in use before: 94.1 MB.
System memory in use after: 94.1 MB.

Unloading 13 unused Assets to reduce memory usage. Loaded Objects now: 2470.
Total: 2.367400 ms (FindLiveObjects: 0.224100 ms CreateObjectMapping: 0.155000 ms MarkObjects: 1.883900 ms  DeleteObjects: 0.103100 ms)

========================================================================
Received Import Request.
  Time since last request: 197.071077 seconds.
  path: Assets/Scripts/Animations.cs
  artifactKey: Guid(97b6e61f26833c341bc6c17456adfeb2) Importer(815301076,1909f56bfc062723c751e8b465ee728b)
Start importing Assets/Scripts/Animations.cs using Guid(97b6e61f26833c341bc6c17456adfeb2) Importer(815301076,1909f56bfc062723c751e8b465ee728b)  -> (artifact id: '127a9bd31b54fa936737a700dd178ff8') in 0.005381 seconds
  Import took 0.008810 seconds .

========================================================================
Received Import Request.
  Time since last request: 6.919767 seconds.
  path: Assets/Tarodev 2D Controller/Audio/Splat 1.wav
  artifactKey: Guid(5d94063f45167b04ab62585e436da58c) Importer(815301076,1909f56bfc062723c751e8b465ee728b)
Start importing Assets/Tarodev 2D Controller/Audio/Splat 1.wav using Guid(5d94063f45167b04ab62585e436da58c) Importer(815301076,1909f56bfc062723c751e8b465ee728b)  -> (artifact id: '7b0991ea929f1409a770f1b32b47912e') in 0.367636 seconds
  Import took 0.371203 seconds .

========================================================================
Received Import Request.
  Time since last request: 0.000310 seconds.
  path: Assets/Tarodev 2D Controller/Audio/Splat 2.wav
  artifactKey: Guid(b5803c17557c59c40bf3a6d69cb46cb3) Importer(815301076,1909f56bfc062723c751e8b465ee728b)
Start importing Assets/Tarodev 2D Controller/Audio/Splat 2.wav using Guid(b5803c17557c59c40bf3a6d69cb46cb3) Importer(815301076,1909f56bfc062723c751e8b465ee728b)  -> (artifact id: '5f35f5e57de32a05d903fffb9add5f3f') in 0.010671 seconds
  Import took 0.014005 seconds .

========================================================================
Received Import Request.
  Time since last request: 0.000291 seconds.
  path: Assets/Tarodev 2D Controller/Audio/Splat 3.wav
  artifactKey: Guid(1876767bf7cbf284394dc3817af9593c) Importer(815301076,1909f56bfc062723c751e8b465ee728b)
Start importing Assets/Tarodev 2D Controller/Audio/Splat 3.wav using Guid(1876767bf7cbf284394dc3817af9593c) Importer(815301076,1909f56bfc062723c751e8b465ee728b)  -> (artifact id: '8ca0661247284e53f28448dfd0cd7cc9') in 0.015363 seconds
  Import took 0.018964 seconds .

========================================================================
Received Import Request.
  Time since last request: 7.086578 seconds.
  path: Assets/Tarodev 2D Controller/_Scripts/PlayerAnimator.cs
  artifactKey: Guid(18297356b7fd95143bd7f1dcad5705e7) Importer(815301076,1909f56bfc062723c751e8b465ee728b)
Start importing Assets/Tarodev 2D Controller/_Scripts/PlayerAnimator.cs using Guid(18297356b7fd95143bd7f1dcad5705e7) Importer(815301076,1909f56bfc062723c751e8b465ee728b)  -> (artifact id: '67b75d225caf0ec7633330012af9a421') in 0.002614 seconds
  Import took 0.006230 seconds .

========================================================================
Received Import Request.
  Time since last request: 0.000761 seconds.
  path: Assets/Tarodev 2D Controller/_Scripts/PlayerAnimator.cs
  artifactKey: Guid(18297356b7fd95143bd7f1dcad5705e7) Importer(815301076,1909f56bfc062723c751e8b465ee728b)
Start importing Assets/Tarodev 2D Controller/_Scripts/PlayerAnimator.cs using Guid(18297356b7fd95143bd7f1dcad5705e7) Importer(815301076,1909f56bfc062723c751e8b465ee728b)  -> (artifact id: '67b75d225caf0ec7633330012af9a421') in 0.002619 seconds
  Import took 0.006937 seconds .

========================================================================
Received Import Request.
  Time since last request: 876.302324 seconds.
  path: Assets/Scripts/Animations.cs
  artifactKey: Guid(97b6e61f26833c341bc6c17456adfeb2) Importer(815301076,1909f56bfc062723c751e8b465ee728b)
Start importing Assets/Scripts/Animations.cs using Guid(97b6e61f26833c341bc6c17456adfeb2) Importer(815301076,1909f56bfc062723c751e8b465ee728b)  -> (artifact id: '569b1574cee15215bd27322206384837') in 0.002554 seconds
  Import took 0.006868 seconds .

========================================================================
Received Import Request.
  Time since last request: 0.001210 seconds.
  path: Assets/Scripts/Animations.cs
  artifactKey: Guid(97b6e61f26833c341bc6c17456adfeb2) Importer(815301076,1909f56bfc062723c751e8b465ee728b)
Start importing Assets/Scripts/Animations.cs using Guid(97b6e61f26833c341bc6c17456adfeb2) Importer(815301076,1909f56bfc062723c751e8b465ee728b)  -> (artifact id: '569b1574cee15215bd27322206384837') in 0.002989 seconds
  Import took 0.006920 seconds .

========================================================================
Received Prepare
Registering precompiled user dll's ...
Registered in 0.006663 seconds.
Begin MonoManager ReloadAssembly
Native extension for Lumin target not found
Native extension for LinuxStandalone target not found
Native extension for WindowsStandalone target not found
Native extension for OSXStandalone target not found
Native extension for WebGL target not found
Refreshing native plugins compatible for Editor in 0.41 ms, found 1 plugins.
Preloading 0 native plugins for Editor in 0.00 ms.
Mono: successfully reloaded assembly
- Completed reload, in  1.138 seconds
Platform modules already initialized, skipping
Refreshing native plugins compatible for Editor in 0.43 ms, found 1 plugins.
Preloading 0 native plugins for Editor in 0.00 ms.
Unloading 1965 Unused Serialized files (Serialized files now loaded: 0)
System memory in use before: 94.2 MB.
System memory in use after: 94.2 MB.

Unloading 14 unused Assets to reduce memory usage. Loaded Objects now: 2476.
Total: 3.168700 ms (FindLiveObjects: 0.650800 ms CreateObjectMapping: 0.192700 ms MarkObjects: 2.180600 ms  DeleteObjects: 0.142800 ms)

========================================================================
Received Import Request.
  Time since last request: 23.948684 seconds.
  path: Assets/Scripts/Bullet.cs
  artifactKey: Guid(53ba0a1df50aa8242a89396d537770f0) Importer(815301076,1909f56bfc062723c751e8b465ee728b)
Start importing Assets/Scripts/Bullet.cs using Guid(53ba0a1df50aa8242a89396d537770f0) Importer(815301076,1909f56bfc062723c751e8b465ee728b)  -> (artifact id: 'ffca84f4ca5a277e2a90cf2421ddeeb0') in 0.005363 seconds
  Import took 0.009635 seconds .

========================================================================
Received Prepare
Registering precompiled user dll's ...
Registered in 0.062173 seconds.
Begin MonoManager ReloadAssembly
Native extension for Lumin target not found
Native extension for LinuxStandalone target not found
Native extension for WindowsStandalone target not found
Native extension for OSXStandalone target not found
Native extension for WebGL target not found
Refreshing native plugins compatible for Editor in 0.78 ms, found 1 plugins.
Preloading 0 native plugins for Editor in 0.00 ms.
Mono: successfully reloaded assembly
- Completed reload, in  3.311 seconds
Platform modules already initialized, skipping
Refreshing native plugins compatible for Editor in 0.64 ms, found 1 plugins.
Preloading 0 native plugins for Editor in 0.00 ms.
Unloading 1965 Unused Serialized files (Serialized files now loaded: 0)
System memory in use before: 94.2 MB.
System memory in use after: 94.2 MB.

Unloading 13 unused Assets to reduce memory usage. Loaded Objects now: 2480.
Total: 4.113000 ms (FindLiveObjects: 0.693800 ms CreateObjectMapping: 0.193600 ms MarkObjects: 3.060400 ms  DeleteObjects: 0.162800 ms)

========================================================================
Received Import Request.
  Time since last request: 82.725956 seconds.
  path: Assets/Scripts/Weapon.cs
  artifactKey: Guid(b966af2466425ec4fbbf7e18fb7da9f3) Importer(815301076,1909f56bfc062723c751e8b465ee728b)
Start importing Assets/Scripts/Weapon.cs using Guid(b966af2466425ec4fbbf7e18fb7da9f3) Importer(815301076,1909f56bfc062723c751e8b465ee728b)  -> (artifact id: '7abd89adb1a717e51533c75c47654e84') in 0.016377 seconds
  Import took 0.029282 seconds .

========================================================================
Received Prepare
Registering precompiled user dll's ...
Registered in 0.001215 seconds.
Begin MonoManager ReloadAssembly
Native extension for Lumin target not found
Native extension for LinuxStandalone target not found
Native extension for WindowsStandalone target not found
Native extension for OSXStandalone target not found
Native extension for WebGL target not found
Refreshing native plugins compatible for Editor in 0.43 ms, found 1 plugins.
Preloading 0 native plugins for Editor in 0.00 ms.
Mono: successfully reloaded assembly
- Completed reload, in  1.022 seconds
Platform modules already initialized, skipping
Refreshing native plugins compatible for Editor in 0.40 ms, found 1 plugins.
Preloading 0 native plugins for Editor in 0.00 ms.
Unloading 1965 Unused Serialized files (Serialized files now loaded: 0)
System memory in use before: 94.2 MB.
System memory in use after: 94.2 MB.

Unloading 13 unused Assets to reduce memory usage. Loaded Objects now: 2484.
Total: 2.580300 ms (FindLiveObjects: 0.291700 ms CreateObjectMapping: 0.113900 ms MarkObjects: 1.963900 ms  DeleteObjects: 0.209600 ms)

========================================================================
Received Import Request.
  Time since last request: 280.236911 seconds.
  path: Assets/Prefabs/sparkShot.prefab
  artifactKey: Guid(d81792d6c80b1d24ca552f2ff4e5e36f) Importer(815301076,1909f56bfc062723c751e8b465ee728b)
Start importing Assets/Prefabs/sparkShot.prefab using Guid(d81792d6c80b1d24ca552f2ff4e5e36f) Importer(815301076,1909f56bfc062723c751e8b465ee728b)  -> (artifact id: '19d9a162de680109beea74359f86ceb0') in 0.115282 seconds
  Import took 0.119122 seconds .

========================================================================
Received Prepare
Registering precompiled user dll's ...
Registered in 0.001341 seconds.
Begin MonoManager ReloadAssembly
Native extension for Lumin target not found
Native extension for LinuxStandalone target not found
Native extension for WindowsStandalone target not found
Native extension for OSXStandalone target not found
Native extension for WebGL target not found
Refreshing native plugins compatible for Editor in 0.40 ms, found 1 plugins.
Preloading 0 native plugins for Editor in 0.00 ms.
Mono: successfully reloaded assembly
- Completed reload, in  1.030 seconds
Platform modules already initialized, skipping
Refreshing native plugins compatible for Editor in 0.58 ms, found 1 plugins.
Preloading 0 native plugins for Editor in 0.00 ms.
Unloading 1965 Unused Serialized files (Serialized files now loaded: 0)
System memory in use before: 94.2 MB.
System memory in use after: 94.2 MB.

Unloading 13 unused Assets to reduce memory usage. Loaded Objects now: 2489.
Total: 2.274100 ms (FindLiveObjects: 0.219500 ms CreateObjectMapping: 0.096400 ms MarkObjects: 1.814300 ms  DeleteObjects: 0.142700 ms)

========================================================================
Received Import Request.
  Time since last request: 263.773339 seconds.
  path: Assets/Prefabs/sparkShot.prefab
  artifactKey: Guid(d81792d6c80b1d24ca552f2ff4e5e36f) Importer(815301076,1909f56bfc062723c751e8b465ee728b)
Start importing Assets/Prefabs/sparkShot.prefab using Guid(d81792d6c80b1d24ca552f2ff4e5e36f) Importer(815301076,1909f56bfc062723c751e8b465ee728b)  -> (artifact id: '6aea065a92894b80f4463d4663bd5057') in 0.082945 seconds
  Import took 0.086739 seconds .

========================================================================
Received Prepare
Registering precompiled user dll's ...
Registered in 0.001394 seconds.
Begin MonoManager ReloadAssembly
Native extension for Lumin target not found
Native extension for LinuxStandalone target not found
Native extension for WindowsStandalone target not found
Native extension for OSXStandalone target not found
Native extension for WebGL target not found
Refreshing native plugins compatible for Editor in 0.44 ms, found 1 plugins.
Preloading 0 native plugins for Editor in 0.00 ms.
Mono: successfully reloaded assembly
- Completed reload, in  1.039 seconds
Platform modules already initialized, skipping
Refreshing native plugins compatible for Editor in 0.45 ms, found 1 plugins.
Preloading 0 native plugins for Editor in 0.00 ms.
Unloading 1965 Unused Serialized files (Serialized files now loaded: 0)
System memory in use before: 94.2 MB.
System memory in use after: 94.2 MB.

Unloading 13 unused Assets to reduce memory usage. Loaded Objects now: 2494.
Total: 2.388700 ms (FindLiveObjects: 0.287400 ms CreateObjectMapping: 0.092300 ms MarkObjects: 1.894100 ms  DeleteObjects: 0.113500 ms)

========================================================================
Received Import Request.
  Time since last request: 110.098372 seconds.
  path: Assets/Prefabs/sparkShot.prefab
  artifactKey: Guid(d81792d6c80b1d24ca552f2ff4e5e36f) Importer(815301076,1909f56bfc062723c751e8b465ee728b)
Start importing Assets/Prefabs/sparkShot.prefab using Guid(d81792d6c80b1d24ca552f2ff4e5e36f) Importer(815301076,1909f56bfc062723c751e8b465ee728b)  -> (artifact id: '68a11b1d0540f2e62b16cfdca2e6c688') in 0.101376 seconds
  Import took 0.105831 seconds .

========================================================================
Received Prepare
Registering precompiled user dll's ...
Registered in 0.001146 seconds.
Begin MonoManager ReloadAssembly
Native extension for Lumin target not found
Native extension for LinuxStandalone target not found
Native extension for WindowsStandalone target not found
Native extension for OSXStandalone target not found
Native extension for WebGL target not found
Refreshing native plugins compatible for Editor in 0.45 ms, found 1 plugins.
Preloading 0 native plugins for Editor in 0.00 ms.
Mono: successfully reloaded assembly
- Completed reload, in  1.051 seconds
Platform modules already initialized, skipping
Refreshing native plugins compatible for Editor in 0.44 ms, found 1 plugins.
Preloading 0 native plugins for Editor in 0.00 ms.
Unloading 1965 Unused Serialized files (Serialized files now loaded: 0)
System memory in use before: 94.3 MB.
System memory in use after: 94.2 MB.

Unloading 13 unused Assets to reduce memory usage. Loaded Objects now: 2499.
Total: 2.401900 ms (FindLiveObjects: 0.239800 ms CreateObjectMapping: 0.067500 ms MarkObjects: 1.981800 ms  DeleteObjects: 0.112000 ms)

========================================================================
Received Import Request.
  Time since last request: 41.417922 seconds.
  path: Assets/Prefabs/sparkShot.prefab
  artifactKey: Guid(d81792d6c80b1d24ca552f2ff4e5e36f) Importer(815301076,1909f56bfc062723c751e8b465ee728b)
Start importing Assets/Prefabs/sparkShot.prefab using Guid(d81792d6c80b1d24ca552f2ff4e5e36f) Importer(815301076,1909f56bfc062723c751e8b465ee728b)  -> (artifact id: '7954b184d9fdce9c30d04819b488d971') in 0.060384 seconds
  Import took 0.063947 seconds .

========================================================================
Received Import Request.
  Time since last request: 34.869919 seconds.
  path: Assets/Prefabs/sparkShot.prefab
  artifactKey: Guid(d81792d6c80b1d24ca552f2ff4e5e36f) Importer(815301076,1909f56bfc062723c751e8b465ee728b)
Start importing Assets/Prefabs/sparkShot.prefab using Guid(d81792d6c80b1d24ca552f2ff4e5e36f) Importer(815301076,1909f56bfc062723c751e8b465ee728b)  -> (artifact id: 'f3cac551aa82a04bbc7fd9046ba921c3') in 0.011051 seconds
  Import took 0.014925 seconds .

========================================================================
Received Import Request.
  Time since last request: 3.766018 seconds.
  path: Assets/Prefabs/sparkShot.prefab
  artifactKey: Guid(d81792d6c80b1d24ca552f2ff4e5e36f) Importer(815301076,1909f56bfc062723c751e8b465ee728b)
Start importing Assets/Prefabs/sparkShot.prefab using Guid(d81792d6c80b1d24ca552f2ff4e5e36f) Importer(815301076,1909f56bfc062723c751e8b465ee728b)  -> (artifact id: 'bc4924717a6b7e2dd60fc4dddd3a035e') in 0.039606 seconds
  Import took 0.043158 seconds .

========================================================================
Received Prepare
Registering precompiled user dll's ...
Registered in 0.001380 seconds.
Begin MonoManager ReloadAssembly
Native extension for Lumin target not found
Native extension for LinuxStandalone target not found
Native extension for WindowsStandalone target not found
Native extension for OSXStandalone target not found
Native extension for WebGL target not found
Refreshing native plugins compatible for Editor in 0.44 ms, found 1 plugins.
Preloading 0 native plugins for Editor in 0.00 ms.
Mono: successfully reloaded assembly
- Completed reload, in  1.049 seconds
Platform modules already initialized, skipping
Refreshing native plugins compatible for Editor in 0.41 ms, found 1 plugins.
Preloading 0 native plugins for Editor in 0.00 ms.
Unloading 1965 Unused Serialized files (Serialized files now loaded: 0)
System memory in use before: 94.3 MB.
System memory in use after: 94.3 MB.

Unloading 13 unused Assets to reduce memory usage. Loaded Objects now: 2504.
Total: 2.248200 ms (FindLiveObjects: 0.235400 ms CreateObjectMapping: 0.089600 ms MarkObjects: 1.814300 ms  DeleteObjects: 0.107800 ms)

========================================================================
Received Prepare
Registering precompiled user dll's ...
Registered in 0.003702 seconds.
Begin MonoManager ReloadAssembly
Native extension for Lumin target not found
Native extension for LinuxStandalone target not found
Native extension for WindowsStandalone target not found
Native extension for OSXStandalone target not found
Native extension for WebGL target not found
Refreshing native plugins compatible for Editor in 0.38 ms, found 1 plugins.
Preloading 0 native plugins for Editor in 0.00 ms.
Mono: successfully reloaded assembly
- Completed reload, in  1.103 seconds
Platform modules already initialized, skipping
Refreshing native plugins compatible for Editor in 0.42 ms, found 1 plugins.
Preloading 0 native plugins for Editor in 0.00 ms.
Unloading 1965 Unused Serialized files (Serialized files now loaded: 0)
System memory in use before: 94.3 MB.
System memory in use after: 94.3 MB.

Unloading 13 unused Assets to reduce memory usage. Loaded Objects now: 2508.
Total: 8.777800 ms (FindLiveObjects: 0.668200 ms CreateObjectMapping: 0.359400 ms MarkObjects: 7.368400 ms  DeleteObjects: 0.376900 ms)

========================================================================
Received Import Request.
  Time since last request: 344.613309 seconds.
  path: Assets/Prefabs/sparkShot.prefab
  artifactKey: Guid(d81792d6c80b1d24ca552f2ff4e5e36f) Importer(815301076,1909f56bfc062723c751e8b465ee728b)
Start importing Assets/Prefabs/sparkShot.prefab using Guid(d81792d6c80b1d24ca552f2ff4e5e36f) Importer(815301076,1909f56bfc062723c751e8b465ee728b)  -> (artifact id: '5eadca04c1459d7e650c7770b02ac71f') in 0.083736 seconds
  Import took 0.088413 seconds .

========================================================================
Received Import Request.
  Time since last request: 58.899864 seconds.
  path: Assets/Prefabs/sparkShot.prefab
  artifactKey: Guid(d81792d6c80b1d24ca552f2ff4e5e36f) Importer(815301076,1909f56bfc062723c751e8b465ee728b)
Start importing Assets/Prefabs/sparkShot.prefab using Guid(d81792d6c80b1d24ca552f2ff4e5e36f) Importer(815301076,1909f56bfc062723c751e8b465ee728b)  -> (artifact id: 'e2d2af6f8356d1356a78049b5dfe1f82') in 0.018293 seconds
  Import took 0.021965 seconds .

========================================================================
Received Import Request.
  Time since last request: 10.544182 seconds.
  path: Assets/Prefabs/sparkShot.prefab
  artifactKey: Guid(d81792d6c80b1d24ca552f2ff4e5e36f) Importer(815301076,1909f56bfc062723c751e8b465ee728b)
Start importing Assets/Prefabs/sparkShot.prefab using Guid(d81792d6c80b1d24ca552f2ff4e5e36f) Importer(815301076,1909f56bfc062723c751e8b465ee728b)  -> (artifact id: '5db9ee0084195fa02661ae51c794b696') in 0.016651 seconds
  Import took 0.020134 seconds .

========================================================================
Received Import Request.
  Time since last request: 10.292663 seconds.
  path: Assets/Prefabs/sparkShot.prefab
  artifactKey: Guid(d81792d6c80b1d24ca552f2ff4e5e36f) Importer(815301076,1909f56bfc062723c751e8b465ee728b)
Start importing Assets/Prefabs/sparkShot.prefab using Guid(d81792d6c80b1d24ca552f2ff4e5e36f) Importer(815301076,1909f56bfc062723c751e8b465ee728b)  -> (artifact id: '2024c2d16cbdf9b8bd2bb73cfce90a3c') in 0.019661 seconds
  Import took 0.023441 seconds .

========================================================================
Received Import Request.
  Time since last request: 11.594498 seconds.
  path: Assets/Prefabs/sparkShot.prefab
  artifactKey: Guid(d81792d6c80b1d24ca552f2ff4e5e36f) Importer(815301076,1909f56bfc062723c751e8b465ee728b)
Start importing Assets/Prefabs/sparkShot.prefab using Guid(d81792d6c80b1d24ca552f2ff4e5e36f) Importer(815301076,1909f56bfc062723c751e8b465ee728b)  -> (artifact id: 'd990d9fff63c9d3a862633b11352c15a') in 0.015039 seconds
  Import took 0.018824 seconds .

========================================================================
Received Prepare
Registering precompiled user dll's ...
Registered in 0.001206 seconds.
Begin MonoManager ReloadAssembly
Native extension for Lumin target not found
Native extension for LinuxStandalone target not found
Native extension for WindowsStandalone target not found
Native extension for OSXStandalone target not found
Native extension for WebGL target not found
Refreshing native plugins compatible for Editor in 0.49 ms, found 1 plugins.
Preloading 0 native plugins for Editor in 0.00 ms.
Mono: successfully reloaded assembly
- Completed reload, in  1.171 seconds
Platform modules already initialized, skipping
Refreshing native plugins compatible for Editor in 0.48 ms, found 1 plugins.
Preloading 0 native plugins for Editor in 0.00 ms.
Unloading 1965 Unused Serialized files (Serialized files now loaded: 0)
System memory in use before: 94.3 MB.
System memory in use after: 94.3 MB.

Unloading 13 unused Assets to reduce memory usage. Loaded Objects now: 2513.
Total: 2.571000 ms (FindLiveObjects: 0.275500 ms CreateObjectMapping: 0.089900 ms MarkObjects: 2.094000 ms  DeleteObjects: 0.110600 ms)

========================================================================
Received Prepare
Registering precompiled user dll's ...
Registered in 0.001235 seconds.
Begin MonoManager ReloadAssembly
Native extension for Lumin target not found
Native extension for LinuxStandalone target not found
Native extension for WindowsStandalone target not found
Native extension for OSXStandalone target not found
Native extension for WebGL target not found
Refreshing native plugins compatible for Editor in 0.42 ms, found 1 plugins.
Preloading 0 native plugins for Editor in 0.00 ms.
Mono: successfully reloaded assembly
- Completed reload, in  1.130 seconds
Platform modules already initialized, skipping
Refreshing native plugins compatible for Editor in 0.80 ms, found 1 plugins.
Preloading 0 native plugins for Editor in 0.00 ms.
Unloading 1965 Unused Serialized files (Serialized files now loaded: 0)
System memory in use before: 94.3 MB.
System memory in use after: 94.3 MB.

Unloading 13 unused Assets to reduce memory usage. Loaded Objects now: 2517.
Total: 2.734700 ms (FindLiveObjects: 0.441000 ms CreateObjectMapping: 0.124800 ms MarkObjects: 2.052300 ms  DeleteObjects: 0.115000 ms)

========================================================================
Received Prepare
Registering precompiled user dll's ...
Registered in 0.004559 seconds.
Begin MonoManager ReloadAssembly
Native extension for Lumin target not found
Native extension for LinuxStandalone target not found
Native extension for WindowsStandalone target not found
Native extension for OSXStandalone target not found
Native extension for WebGL target not found
Refreshing native plugins compatible for Editor in 0.42 ms, found 1 plugins.
Preloading 0 native plugins for Editor in 0.00 ms.
Mono: successfully reloaded assembly
- Completed reload, in  1.191 seconds
Platform modules already initialized, skipping
Refreshing native plugins compatible for Editor in 0.46 ms, found 1 plugins.
Preloading 0 native plugins for Editor in 0.00 ms.
Unloading 1965 Unused Serialized files (Serialized files now loaded: 0)
System memory in use before: 94.3 MB.
System memory in use after: 94.3 MB.

Unloading 13 unused Assets to reduce memory usage. Loaded Objects now: 2521.
Total: 2.873100 ms (FindLiveObjects: 0.425400 ms CreateObjectMapping: 0.154500 ms MarkObjects: 2.173700 ms  DeleteObjects: 0.116800 ms)

========================================================================
Received Prepare
Registering precompiled user dll's ...
Registered in 0.001277 seconds.
Begin MonoManager ReloadAssembly
Native extension for Lumin target not found
Native extension for LinuxStandalone target not found
Native extension for WindowsStandalone target not found
Native extension for OSXStandalone target not found
Native extension for WebGL target not found
Refreshing native plugins compatible for Editor in 0.58 ms, found 1 plugins.
Preloading 0 native plugins for Editor in 0.00 ms.
Mono: successfully reloaded assembly
- Completed reload, in  1.279 seconds
Platform modules already initialized, skipping
Refreshing native plugins compatible for Editor in 0.47 ms, found 1 plugins.
Preloading 0 native plugins for Editor in 0.00 ms.
Unloading 1965 Unused Serialized files (Serialized files now loaded: 0)
System memory in use before: 94.3 MB.
System memory in use after: 94.3 MB.

Unloading 13 unused Assets to reduce memory usage. Loaded Objects now: 2525.
Total: 2.911000 ms (FindLiveObjects: 0.394400 ms CreateObjectMapping: 0.189600 ms MarkObjects: 2.208600 ms  DeleteObjects: 0.117000 ms)

========================================================================
Received Import Request.
  Time since last request: 563.219435 seconds.
  path: Assets/Prefabs/sparkShot.prefab
  artifactKey: Guid(d81792d6c80b1d24ca552f2ff4e5e36f) Importer(815301076,1909f56bfc062723c751e8b465ee728b)
Start importing Assets/Prefabs/sparkShot.prefab using Guid(d81792d6c80b1d24ca552f2ff4e5e36f) Importer(815301076,1909f56bfc062723c751e8b465ee728b)  -> (artifact id: '24a7ece485746612a969306b771583a6') in 0.080458 seconds
  Import took 0.085533 seconds .

========================================================================
Received Import Request.
  Time since last request: 154.822307 seconds.
  path: Assets/Prefabs/sparkShot.prefab
  artifactKey: Guid(d81792d6c80b1d24ca552f2ff4e5e36f) Importer(815301076,1909f56bfc062723c751e8b465ee728b)
Start importing Assets/Prefabs/sparkShot.prefab using Guid(d81792d6c80b1d24ca552f2ff4e5e36f) Importer(815301076,1909f56bfc062723c751e8b465ee728b)  -> (artifact id: '26f68e63dc5250defbbcb92df4a0ed72') in 0.026664 seconds
  Import took 0.031586 seconds .

========================================================================
Received Import Request.
  Time since last request: 0.003931 seconds.
  path: Assets/Prefabs/sparkShot.prefab
  artifactKey: Guid(d81792d6c80b1d24ca552f2ff4e5e36f) Importer(815301076,1909f56bfc062723c751e8b465ee728b)
Start importing Assets/Prefabs/sparkShot.prefab using Guid(d81792d6c80b1d24ca552f2ff4e5e36f) Importer(815301076,1909f56bfc062723c751e8b465ee728b)  -> (artifact id: '26f68e63dc5250defbbcb92df4a0ed72') in 0.011848 seconds
  Import took 0.016298 seconds .

========================================================================
Received Prepare
Registering precompiled user dll's ...
Registered in 0.001576 seconds.
Begin MonoManager ReloadAssembly
Native extension for Lumin target not found
Native extension for LinuxStandalone target not found
Native extension for WindowsStandalone target not found
Native extension for OSXStandalone target not found
Native extension for WebGL target not found
Refreshing native plugins compatible for Editor in 0.42 ms, found 1 plugins.
Preloading 0 native plugins for Editor in 0.00 ms.
Mono: successfully reloaded assembly
- Completed reload, in  1.133 seconds
Platform modules already initialized, skipping
Refreshing native plugins compatible for Editor in 0.45 ms, found 1 plugins.
Preloading 0 native plugins for Editor in 0.00 ms.
Unloading 1965 Unused Serialized files (Serialized files now loaded: 0)
System memory in use before: 94.4 MB.
System memory in use after: 94.3 MB.

Unloading 13 unused Assets to reduce memory usage. Loaded Objects now: 2530.
Total: 2.319600 ms (FindLiveObjects: 0.262000 ms CreateObjectMapping: 0.072300 ms MarkObjects: 1.877400 ms  DeleteObjects: 0.106300 ms)

========================================================================
Received Import Request.
  Time since last request: 69.059705 seconds.
  path: Assets/Prefabs/sparkShot.prefab
  artifactKey: Guid(d81792d6c80b1d24ca552f2ff4e5e36f) Importer(815301076,1909f56bfc062723c751e8b465ee728b)
Start importing Assets/Prefabs/sparkShot.prefab using Guid(d81792d6c80b1d24ca552f2ff4e5e36f) Importer(815301076,1909f56bfc062723c751e8b465ee728b)  -> (artifact id: 'c86a598e9c293f8380665049f9ce91d4') in 0.058713 seconds
  Import took 0.062218 seconds .

========================================================================
Received Prepare
Registering precompiled user dll's ...
Registered in 0.001467 seconds.
Begin MonoManager ReloadAssembly
Native extension for Lumin target not found
Native extension for LinuxStandalone target not found
Native extension for WindowsStandalone target not found
Native extension for OSXStandalone target not found
Native extension for WebGL target not found
Refreshing native plugins compatible for Editor in 0.40 ms, found 1 plugins.
Preloading 0 native plugins for Editor in 0.00 ms.
Mono: successfully reloaded assembly
- Completed reload, in  1.072 seconds
Platform modules already initialized, skipping
Refreshing native plugins compatible for Editor in 0.48 ms, found 1 plugins.
Preloading 0 native plugins for Editor in 0.00 ms.
Unloading 1965 Unused Serialized files (Serialized files now loaded: 0)
System memory in use before: 94.4 MB.
System memory in use after: 94.3 MB.

Unloading 13 unused Assets to reduce memory usage. Loaded Objects now: 2535.
Total: 3.717700 ms (FindLiveObjects: 0.286000 ms CreateObjectMapping: 0.105600 ms MarkObjects: 2.682400 ms  DeleteObjects: 0.642500 ms)

========================================================================
Received Prepare
Registering precompiled user dll's ...
Registered in 0.001982 seconds.
Begin MonoManager ReloadAssembly
Native extension for Lumin target not found
Native extension for LinuxStandalone target not found
Native extension for WindowsStandalone target not found
Native extension for OSXStandalone target not found
Native extension for WebGL target not found
Refreshing native plugins compatible for Editor in 0.47 ms, found 1 plugins.
Preloading 0 native plugins for Editor in 0.00 ms.
Mono: successfully reloaded assembly
- Completed reload, in  1.230 seconds
Platform modules already initialized, skipping
Refreshing native plugins compatible for Editor in 0.73 ms, found 1 plugins.
Preloading 0 native plugins for Editor in 0.00 ms.
Unloading 1964 Unused Serialized files (Serialized files now loaded: 0)
System memory in use before: 94.4 MB.
System memory in use after: 94.3 MB.

Unloading 14 unused Assets to reduce memory usage. Loaded Objects now: 2538.
Total: 2.818700 ms (FindLiveObjects: 0.401500 ms CreateObjectMapping: 0.148300 ms MarkObjects: 2.103700 ms  DeleteObjects: 0.163800 ms)

========================================================================
Received Prepare
Registering precompiled user dll's ...
Registered in 0.001285 seconds.
Begin MonoManager ReloadAssembly
Native extension for Lumin target not found
Native extension for LinuxStandalone target not found
Native extension for WindowsStandalone target not found
Native extension for OSXStandalone target not found
Native extension for WebGL target not found
Refreshing native plugins compatible for Editor in 0.58 ms, found 1 plugins.
Preloading 0 native plugins for Editor in 0.00 ms.
Mono: successfully reloaded assembly
- Completed reload, in  1.149 seconds
Platform modules already initialized, skipping
Refreshing native plugins compatible for Editor in 0.43 ms, found 1 plugins.
Preloading 0 native plugins for Editor in 0.00 ms.
Unloading 1964 Unused Serialized files (Serialized files now loaded: 0)
System memory in use before: 94.4 MB.
System memory in use after: 94.3 MB.

Unloading 13 unused Assets to reduce memory usage. Loaded Objects now: 2542.
Total: 3.307200 ms (FindLiveObjects: 0.252100 ms CreateObjectMapping: 0.082900 ms MarkObjects: 1.873300 ms  DeleteObjects: 1.097800 ms)

========================================================================
Received Import Request.
  Time since last request: 174.110486 seconds.
  path: Assets/Scripts/Bullet.cs
  artifactKey: Guid(53ba0a1df50aa8242a89396d537770f0) Importer(815301076,1909f56bfc062723c751e8b465ee728b)
Start importing Assets/Scripts/Bullet.cs using Guid(53ba0a1df50aa8242a89396d537770f0) Importer(815301076,1909f56bfc062723c751e8b465ee728b)  -> (artifact id: '139dfcc6d61b38e354dfbd24ba7fc7c0') in 0.006834 seconds
  Import took 0.010505 seconds .

========================================================================
Received Import Request.
  Time since last request: 0.002821 seconds.
  path: Assets/Scripts/Bullet.cs
  artifactKey: Guid(53ba0a1df50aa8242a89396d537770f0) Importer(815301076,1909f56bfc062723c751e8b465ee728b)
Start importing Assets/Scripts/Bullet.cs using Guid(53ba0a1df50aa8242a89396d537770f0) Importer(815301076,1909f56bfc062723c751e8b465ee728b)  -> (artifact id: '139dfcc6d61b38e354dfbd24ba7fc7c0') in 0.002399 seconds
  Import took 0.005962 seconds .

========================================================================
Received Prepare
Registering precompiled user dll's ...
Registered in 0.001178 seconds.
Begin MonoManager ReloadAssembly
Native extension for Lumin target not found
Native extension for LinuxStandalone target not found
Native extension for WindowsStandalone target not found
Native extension for OSXStandalone target not found
Native extension for WebGL target not found
Refreshing native plugins compatible for Editor in 0.43 ms, found 1 plugins.
Preloading 0 native plugins for Editor in 0.00 ms.
Mono: successfully reloaded assembly
- Completed reload, in  1.004 seconds
Platform modules already initialized, skipping
Refreshing native plugins compatible for Editor in 0.44 ms, found 1 plugins.
Preloading 0 native plugins for Editor in 0.00 ms.
Unloading 1964 Unused Serialized files (Serialized files now loaded: 0)
System memory in use before: 94.4 MB.
System memory in use after: 94.4 MB.

Unloading 13 unused Assets to reduce memory usage. Loaded Objects now: 2546.
Total: 2.499900 ms (FindLiveObjects: 0.271100 ms CreateObjectMapping: 0.098800 ms MarkObjects: 2.019800 ms  DeleteObjects: 0.108300 ms)

========================================================================
Received Prepare
Registering precompiled user dll's ...
Registered in 0.004529 seconds.
Begin MonoManager ReloadAssembly
Native extension for Lumin target not found
Native extension for LinuxStandalone target not found
Native extension for WindowsStandalone target not found
Native extension for OSXStandalone target not found
Native extension for WebGL target not found
Refreshing native plugins compatible for Editor in 0.42 ms, found 1 plugins.
Preloading 0 native plugins for Editor in 0.00 ms.
Mono: successfully reloaded assembly
- Completed reload, in  1.113 seconds
Platform modules already initialized, skipping
Refreshing native plugins compatible for Editor in 0.45 ms, found 1 plugins.
Preloading 0 native plugins for Editor in 0.00 ms.
Unloading 1964 Unused Serialized files (Serialized files now loaded: 0)
System memory in use before: 94.4 MB.
System memory in use after: 94.4 MB.

Unloading 13 unused Assets to reduce memory usage. Loaded Objects now: 2550.
Total: 2.625900 ms (FindLiveObjects: 0.281800 ms CreateObjectMapping: 0.101100 ms MarkObjects: 2.134600 ms  DeleteObjects: 0.107100 ms)

========================================================================
Received Prepare
Registering precompiled user dll's ...
Registered in 0.003638 seconds.
Begin MonoManager ReloadAssembly
Native extension for Lumin target not found
Native extension for LinuxStandalone target not found
Native extension for WindowsStandalone target not found
Native extension for OSXStandalone target not found
Native extension for WebGL target not found
Refreshing native plugins compatible for Editor in 0.49 ms, found 1 plugins.
Preloading 0 native plugins for Editor in 0.00 ms.
Mono: successfully reloaded assembly
- Completed reload, in  0.986 seconds
Platform modules already initialized, skipping
Refreshing native plugins compatible for Editor in 0.42 ms, found 1 plugins.
Preloading 0 native plugins for Editor in 0.00 ms.
Unloading 1964 Unused Serialized files (Serialized files now loaded: 0)
System memory in use before: 94.4 MB.
System memory in use after: 94.4 MB.

Unloading 13 unused Assets to reduce memory usage. Loaded Objects now: 2554.
Total: 3.619600 ms (FindLiveObjects: 0.299200 ms CreateObjectMapping: 0.094100 ms MarkObjects: 3.101900 ms  DeleteObjects: 0.123100 ms)

AssetImportWorkerClient::OnTransportError - code=2 error=End of file
